23:42:50 INFO  : Launching XSCT server: xsct -n  -interactive /home/egoncu/Desktop/github/fastSorting/prj/temp_xsdb_launch_script.tcl
23:42:50 INFO  : Registering command handlers for Vitis TCF services
23:42:56 INFO  : XSCT server has started successfully.
23:42:56 ERROR : Error encountered while initializing user repository paths
Reason: No Platforms Found.


23:42:56 INFO  : Platform repository initialization has completed.
23:42:57 INFO  : Successfully done setting XSCT server connection channel  
23:42:57 INFO  : plnx-install-location is set to ''
23:42:57 INFO  : Successfully done query RDI_DATADIR 
23:42:57 INFO  : Successfully done setting workspace for the tool. 
23:44:39 INFO  : Result from executing command 'getProjects': sort_platform
23:44:39 INFO  : Result from executing command 'getPlatforms': 
23:46:20 INFO  : Result from executing command 'getProjects': sort_platform
23:46:20 INFO  : Result from executing command 'getPlatforms': sort_platform|/home/egoncu/Desktop/github/fastSorting/prj/sort_platform/export/sort_platform/sort_platform.xpfm
23:46:24 INFO  : Checking for BSP changes to sync application flags for project 'sort_application'...
23:48:53 INFO  : Checking for BSP changes to sync application flags for project 'sort_application'...
23:50:18 INFO  : Checking for BSP changes to sync application flags for project 'sort_application'...
23:50:47 INFO  : Result from executing command 'getProjects': sort_platform
23:50:47 INFO  : Result from executing command 'getPlatforms': sort_platform|/home/egoncu/Desktop/github/fastSorting/prj/sort_platform/export/sort_platform/sort_platform.xpfm
23:50:50 INFO  : Checking for BSP changes to sync application flags for project 'sort_application'...
23:53:29 INFO  : Checking for BSP changes to sync application flags for project 'sort_application'...
01:05:44 INFO  : Checking for BSP changes to sync application flags for project 'sort_application'...
01:15:59 INFO  : Checking for BSP changes to sync application flags for project 'sort_application'...
01:28:42 INFO  : Checking for BSP changes to sync application flags for project 'sort_application'...
02:32:51 INFO  : Checking for BSP changes to sync application flags for project 'sort_application'...
02:54:59 INFO  : Checking for BSP changes to sync application flags for project 'sort_application'...
03:02:11 INFO  : Checking for BSP changes to sync application flags for project 'sort_application'...
03:07:11 INFO  : Checking for BSP changes to sync application flags for project 'sort_application'...
03:11:23 INFO  : Checking for BSP changes to sync application flags for project 'sort_application'...
03:13:43 INFO  : Checking for BSP changes to sync application flags for project 'sort_application'...
03:26:33 INFO  : Checking for BSP changes to sync application flags for project 'sort_application'...
03:44:10 INFO  : Launching XSCT server: xsct -n  -interactive /home/egoncu/Desktop/github/fastSorting/prj/temp_xsdb_launch_script.tcl
03:44:16 INFO  : XSCT server has started successfully.
03:44:16 INFO  : Successfully done setting XSCT server connection channel  
03:44:16 INFO  : plnx-install-location is set to ''
03:44:16 INFO  : Successfully done setting workspace for the tool. 
03:44:22 INFO  : Platform repository initialization has completed.
03:44:22 INFO  : Registering command handlers for Vitis TCF services
03:44:23 INFO  : Successfully done query RDI_DATADIR 
03:46:39 INFO  : Result from executing command 'getProjects': sort_platform
03:46:39 INFO  : Result from executing command 'getPlatforms': sort_platform|/home/egoncu/Desktop/github/fastSorting/prj/sort_platform/export/sort_platform/sort_platform.xpfm
03:46:42 INFO  : Checking for BSP changes to sync application flags for project 'sort_application'...
03:51:41 INFO  : Checking for BSP changes to sync application flags for project 'sort_application'...
04:08:45 INFO  : Checking for BSP changes to sync application flags for project 'sort_application'...
04:11:06 INFO  : Checking for BSP changes to sync application flags for project 'sort_application'...
04:41:15 INFO  : Checking for BSP changes to sync application flags for project 'sort_application'...
04:54:27 INFO  : Checking for BSP changes to sync application flags for project 'sort_application'...
05:06:29 INFO  : Checking for BSP changes to sync application flags for project 'sort_application'...
05:07:31 INFO  : Checking for BSP changes to sync application flags for project 'sort_application'...
05:09:39 INFO  : Checking for BSP changes to sync application flags for project 'sort_application'...
05:15:08 INFO  : Checking for BSP changes to sync application flags for project 'sort_application'...
05:16:05 INFO  : Checking for BSP changes to sync application flags for project 'sort_application'...
05:24:34 INFO  : Checking for BSP changes to sync application flags for project 'sort_application'...
05:26:23 INFO  : Checking for BSP changes to sync application flags for project 'sort_application'...
05:31:11 INFO  : Checking for BSP changes to sync application flags for project 'sort_application'...
05:33:07 INFO  : Checking for BSP changes to sync application flags for project 'sort_application'...
