
****** Vivado v2020.1 (64-bit)
  **** SW Build 2902540 on Wed May 27 19:54:35 MDT 2020
  **** IP Build 2902112 on Wed May 27 22:43:36 MDT 2020
    ** Copyright 1986-2020 Xilinx, Inc. All Rights Reserved.

start_gui
unknown option -- 9
usage: ssh [-46AaCfGgKkMNnqsTtVvXxYy] [-B bind_interface]
           [-b bind_address] [-c cipher_spec] [-D [bind_address:]port]
           [-E log_file] [-e escape_char] [-F configfile] [-I pkcs11]
           [-i identity_file] [-J [user@]host[:port]] [-L address]
           [-l login_name] [-m mac_spec] [-O ctl_cmd] [-o option] [-p port]
           [-Q query_option] [-R address] [-S ctl_path] [-W host:port]
           [-w local_tun[:remote_tun]] destination [command]

****** Xilinx Vitis Development Environment
****** Vitis v2020.1 (64-bit)
  **** SW Build 2902540 on Wed May 27 19:55:13 MDT 2020
    ** Copyright 1986-2020 Xilinx, Inc. All Rights Reserved.

Launching Vitis with command /tools/Xilinx/Vitis/2020.1/eclipse/lnx64.o/eclipse -vmargs -Xms64m -Xmx4G -Dorg.eclipse.swt.internal.gtk.cairoGraphics=false -Dosgi.configuration.area=@user.home/.Xilinx/Vitis/2020.1 --add-modules=ALL-SYSTEM --add-modules=jdk.incubator.httpclient --add-opens=java.base/java.nio=ALL-UNNAMED --add-opens=java.desktop/sun.swing=ALL-UNNAMED --add-opens=java.desktop/javax.swing=ALL-UNNAMED --add-opens=java.desktop/javax.swing.tree=ALL-UNNAMED --add-opens=java.desktop/javax.swing.plaf.basic=ALL-UNNAMED --add-opens=java.desktop/javax.swing.plaf.synth=ALL-UNNAMED --add-opens=java.desktop/com.sun.awt=ALL-UNNAMED --add-opens=java.desktop/sun.awt.X11=ALL-UNNAMED &
/tools/Xilinx/Vivado/2020.1/bin/rdiArgs.sh: line 286:  2774 Killed                  "$RDI_PROG" "$@"

****** Vivado v2020.1 (64-bit)
  **** SW Build 2902540 on Wed May 27 19:54:35 MDT 2020
  **** IP Build 2902112 on Wed May 27 22:43:36 MDT 2020
    ** Copyright 1986-2020 Xilinx, Inc. All Rights Reserved.

start_gui

****** Vivado v2020.1 (64-bit)
  **** SW Build 2902540 on Wed May 27 19:54:35 MDT 2020
  **** IP Build 2902112 on Wed May 27 22:43:36 MDT 2020
    ** Copyright 1986-2020 Xilinx, Inc. All Rights Reserved.

start_gui

****** Xilinx Vitis Development Environment
****** Vitis v2020.1 (64-bit)
  **** SW Build 2902540 on Wed May 27 19:55:13 MDT 2020
    ** Copyright 1986-2020 Xilinx, Inc. All Rights Reserved.

Launching Vitis with command /tools/Xilinx/Vitis/2020.1/eclipse/lnx64.o/eclipse -vmargs -Xms64m -Xmx4G -Dorg.eclipse.swt.internal.gtk.cairoGraphics=false -Dosgi.configuration.area=@user.home/.Xilinx/Vitis/2020.1 --add-modules=ALL-SYSTEM --add-modules=jdk.incubator.httpclient --add-opens=java.base/java.nio=ALL-UNNAMED --add-opens=java.desktop/sun.swing=ALL-UNNAMED --add-opens=java.desktop/javax.swing=ALL-UNNAMED --add-opens=java.desktop/javax.swing.tree=ALL-UNNAMED --add-opens=java.desktop/javax.swing.plaf.basic=ALL-UNNAMED --add-opens=java.desktop/javax.swing.plaf.synth=ALL-UNNAMED --add-opens=java.desktop/com.sun.awt=ALL-UNNAMED --add-opens=java.desktop/sun.awt.X11=ALL-UNNAMED &
Running Rule Check Server, on port 33437

****** Xilinx Vitis Development Environment
****** Vitis v2020.1 (64-bit)
  **** SW Build 2902540 on Wed May 27 19:55:13 MDT 2020
    ** Copyright 1986-2020 Xilinx, Inc. All Rights Reserved.

Launching Vitis with command /tools/Xilinx/Vitis/2020.1/eclipse/lnx64.o/eclipse -vmargs -Xms64m -Xmx4G -Dorg.eclipse.swt.internal.gtk.cairoGraphics=false -Dosgi.configuration.area=@user.home/.Xilinx/Vitis/2020.1 --add-modules=ALL-SYSTEM --add-modules=jdk.incubator.httpclient --add-opens=java.base/java.nio=ALL-UNNAMED --add-opens=java.desktop/sun.swing=ALL-UNNAMED --add-opens=java.desktop/javax.swing=ALL-UNNAMED --add-opens=java.desktop/javax.swing.tree=ALL-UNNAMED --add-opens=java.desktop/javax.swing.plaf.basic=ALL-UNNAMED --add-opens=java.desktop/javax.swing.plaf.synth=ALL-UNNAMED --add-opens=java.desktop/com.sun.awt=ALL-UNNAMED --add-opens=java.desktop/sun.awt.X11=ALL-UNNAMED &
/tools/Xilinx/Vivado/2020.1/bin/rdiArgs.sh: line 286:  4849 Killed                  "$RDI_PROG" "$@"
