#-----------------------------------------------------------
# Vivado v2020.1 (64-bit)
# SW Build 2902540 on Wed May 27 19:54:35 MDT 2020
# IP Build 2902112 on Wed May 27 22:43:36 MDT 2020
# Start of session at: Tue Apr 20 03:29:46 2021
# Process ID: 57917
# Current directory: /home/egoncu/Desktop/github/fastSorting/prj/fproSampler_Lightsup
# Command line: vivado fproSampler_Lightsup.xpr
# Log file: /home/egoncu/Desktop/github/fastSorting/prj/fproSampler_Lightsup/vivado.log
# Journal file: /home/egoncu/Desktop/github/fastSorting/prj/fproSampler_Lightsup/vivado.jou
#-----------------------------------------------------------
start_gui
open_project fproSampler_Lightsup.xpr
Scanning sources...
Finished scanning sources
INFO: [IP_Flow 19-234] Refreshing IP repositories
INFO: [IP_Flow 19-1704] No user IP repositories specified
INFO: [IP_Flow 19-2313] Loaded Vivado IP repository '/tools/Xilinx/Vivado/2020.1/data/ip'.
WARNING: [IP_Flow 19-3899] Cannot get the environment domain name variable for the component vendor name. Setting the vendor name to 'user.org'.
open_project: Time (s): cpu = 00:00:34 ; elapsed = 00:00:17 . Memory (MB): peak = 7002.551 ; gain = 30.066 ; free physical = 109 ; free virtual = 1172
update_compile_order -fileset sources_1
reset_run impl_1
launch_runs impl_1 -to_step write_bitstream -jobs 4
[Tue Apr 20 03:31:12 2021] Launched impl_1...
Run output will be captured here: /home/egoncu/Desktop/github/fastSorting/prj/fproSampler_Lightsup/fproSampler_Lightsup.runs/impl_1/runme.log
