#-----------------------------------------------------------
# Vivado v2020.1 (64-bit)
# SW Build 2902540 on Wed May 27 19:54:35 MDT 2020
# IP Build 2902112 on Wed May 27 22:43:36 MDT 2020
# Start of session at: Sun Apr 18 14:48:37 2021
# Process ID: 2595
# Current directory: /home/egoncu/Desktop/github/fastSorting/prj/fproSampler_Lightsup
# Command line: vivado fproSampler_Lightsup.xpr
# Log file: /home/egoncu/Desktop/github/fastSorting/prj/fproSampler_Lightsup/vivado.log
# Journal file: /home/egoncu/Desktop/github/fastSorting/prj/fproSampler_Lightsup/vivado.jou
#-----------------------------------------------------------
start_gui
open_project fproSampler_Lightsup.xpr
Scanning sources...
Finished scanning sources
INFO: [IP_Flow 19-234] Refreshing IP repositories
INFO: [IP_Flow 19-1704] No user IP repositories specified
INFO: [IP_Flow 19-2313] Loaded Vivado IP repository '/tools/Xilinx/Vivado/2020.1/data/ip'.
open_project: Time (s): cpu = 00:00:26 ; elapsed = 00:00:16 . Memory (MB): peak = 6968.938 ; gain = 38.074 ; free physical = 922 ; free virtual = 5424
update_compile_order -fileset sources_1
WARNING: [IP_Flow 19-3899] Cannot get the environment domain name variable for the component vendor name. Setting the vendor name to 'user.org'.
open_run impl_1
INFO: [Device 21-403] Loading part xc7a35tcpg236-1
Netlist sorting complete. Time (s): cpu = 00:00:00.08 ; elapsed = 00:00:00.09 . Memory (MB): peak = 7025.965 ; gain = 0.000 ; free physical = 375 ; free virtual = 4989
INFO: [Netlist 29-17] Analyzing 437 Unisim elements for replacement
INFO: [Netlist 29-28] Unisim Transformation completed in 0 CPU seconds
INFO: [Project 1-479] Netlist was created with Vivado 2020.1
INFO: [Project 1-570] Preparing netlist for logic optimization
INFO: [Timing 38-478] Restoring timing data from binary archive.
INFO: [Timing 38-479] Binary timing data restore complete.
INFO: [Project 1-856] Restoring constraints from binary archive.
INFO: [Constraints 18-5170] The checkpoint was created with non-default parameter values which do not match the current Vivado settings.  Mismatching parameters are:
  general.maxThreads
INFO: [Project 1-853] Binary constraint restore complete.
Reading XDEF placement.
Reading placer database...
Reading XDEF routing.
Read XDEF File: Time (s): cpu = 00:00:00.33 ; elapsed = 00:00:00.31 . Memory (MB): peak = 7539.879 ; gain = 0.000 ; free physical = 172 ; free virtual = 4479
Restored from archive | CPU: 0.330000 secs | Memory: 6.643936 MB |
Finished XDEF File Restore: Time (s): cpu = 00:00:00.33 ; elapsed = 00:00:00.31 . Memory (MB): peak = 7539.879 ; gain = 0.000 ; free physical = 172 ; free virtual = 4479
Generating merged BMM file for the design top 'cpu'...
INFO: [Memdata 28-144] Successfully populated the BRAM INIT strings from the following elf files: /home/egoncu/Desktop/github/fastSorting/prj/exercise5/Debug/exercise5.elf 
Netlist sorting complete. Time (s): cpu = 00:00:00 ; elapsed = 00:00:00 . Memory (MB): peak = 7547.883 ; gain = 0.000 ; free physical = 171 ; free virtual = 4479
INFO: [Project 1-111] Unisim Transformation Summary:
  A total of 172 instances were transformed.
  IOBUF => IOBUF (IBUF, OBUFT): 3 instances
  LUT6_2 => LUT6_2 (LUT5, LUT6): 95 instances
  RAM32X1D => RAM32X1D (RAMD32(x2)): 64 instances
  RAM64M => RAM64M (RAMD64E(x4)): 9 instances
  SRLC16E => SRL16E: 1 instance 

open_run: Time (s): cpu = 00:00:27 ; elapsed = 00:00:22 . Memory (MB): peak = 7735.402 ; gain = 709.438 ; free physical = 128 ; free virtual = 4384
report_utilization -name utilization_1
report_utilization: Time (s): cpu = 00:00:14 ; elapsed = 00:00:06 . Memory (MB): peak = 7735.402 ; gain = 0.000 ; free physical = 123 ; free virtual = 4296
close [ open /home/egoncu/Desktop/github/fastSorting/prj/fproSampler_Lightsup/fproSampler_Lightsup.srcs/sources_1/new/swapper.vhd w ]
add_files /home/egoncu/Desktop/github/fastSorting/prj/fproSampler_Lightsup/fproSampler_Lightsup.srcs/sources_1/new/swapper.vhd
update_compile_order -fileset sources_1
set_property file_type {VHDL 2008} [get_files  /home/egoncu/Desktop/github/fastSorting/prj/fproSampler_Lightsup/fproSampler_Lightsup.srcs/sources_1/new/swapper.vhd]
set_property top swapper [current_fileset]
WARNING: [IP_Flow 19-3899] Cannot get the environment domain name variable for the component vendor name. Setting the vendor name to 'user.org'.
update_compile_order -fileset sources_1
set_property -name {STEPS.SYNTH_DESIGN.ARGS.MORE OPTIONS} -value {-mode out_of_context} -objects [get_runs synth_1]
WARNING: [IP_Flow 19-3899] Cannot get the environment domain name variable for the component vendor name. Setting the vendor name to 'user.org'.
WARNING: [IP_Flow 19-3899] Cannot get the environment domain name variable for the component vendor name. Setting the vendor name to 'user.org'.
reset_run synth_1
launch_runs synth_1 -jobs 4
[Sun Apr 18 14:58:06 2021] Launched synth_1...
Run output will be captured here: /home/egoncu/Desktop/github/fastSorting/prj/fproSampler_Lightsup/fproSampler_Lightsup.runs/synth_1/runme.log
update_compile_order -fileset sources_1
update_compile_order -fileset sources_1
reset_run synth_1
launch_runs synth_1 -jobs 4
[Sun Apr 18 15:08:46 2021] Launched synth_1...
Run output will be captured here: /home/egoncu/Desktop/github/fastSorting/prj/fproSampler_Lightsup/fproSampler_Lightsup.runs/synth_1/runme.log
reset_run synth_1
launch_runs synth_1 -jobs 4
[Sun Apr 18 15:48:36 2021] Launched synth_1...
Run output will be captured here: /home/egoncu/Desktop/github/fastSorting/prj/fproSampler_Lightsup/fproSampler_Lightsup.runs/synth_1/runme.log
reset_run synth_1
launch_runs synth_1 -jobs 4
[Sun Apr 18 16:07:37 2021] Launched synth_1...
Run output will be captured here: /home/egoncu/Desktop/github/fastSorting/prj/fproSampler_Lightsup/fproSampler_Lightsup.runs/synth_1/runme.log
reset_run synth_1
launch_runs synth_1 -jobs 4
[Sun Apr 18 16:15:41 2021] Launched synth_1...
Run output will be captured here: /home/egoncu/Desktop/github/fastSorting/prj/fproSampler_Lightsup/fproSampler_Lightsup.runs/synth_1/runme.log
reset_run synth_1
launch_runs synth_1 -jobs 4
[Sun Apr 18 16:17:25 2021] Launched synth_1...
Run output will be captured here: /home/egoncu/Desktop/github/fastSorting/prj/fproSampler_Lightsup/fproSampler_Lightsup.runs/synth_1/runme.log
reset_run synth_1
launch_runs synth_1 -jobs 4
[Sun Apr 18 16:19:34 2021] Launched synth_1...
Run output will be captured here: /home/egoncu/Desktop/github/fastSorting/prj/fproSampler_Lightsup/fproSampler_Lightsup.runs/synth_1/runme.log
reset_run synth_1
launch_runs synth_1 -jobs 4
[Sun Apr 18 16:21:47 2021] Launched synth_1...
Run output will be captured here: /home/egoncu/Desktop/github/fastSorting/prj/fproSampler_Lightsup/fproSampler_Lightsup.runs/synth_1/runme.log
WARNING: [IP_Flow 19-3899] Cannot get the environment domain name variable for the component vendor name. Setting the vendor name to 'user.org'.
set_property strategy Flow_AreaOptimized_high [get_runs synth_1]
set_property -name {STEPS.SYNTH_DESIGN.ARGS.MORE OPTIONS} -value {-mode out_of_context} -objects [get_runs synth_1]
WARNING: [IP_Flow 19-3899] Cannot get the environment domain name variable for the component vendor name. Setting the vendor name to 'user.org'.
WARNING: [IP_Flow 19-3899] Cannot get the environment domain name variable for the component vendor name. Setting the vendor name to 'user.org'.
reset_run synth_1
launch_runs synth_1 -jobs 4
[Sun Apr 18 16:24:49 2021] Launched synth_1...
Run output will be captured here: /home/egoncu/Desktop/github/fastSorting/prj/fproSampler_Lightsup/fproSampler_Lightsup.runs/synth_1/runme.log
WARNING: [IP_Flow 19-4067] Ignoring invalid widget type specified checkbox.Providing a default widget
WARNING: [IP_Flow 19-4067] Ignoring invalid widget type specified checkbox.Providing a default widget
