#-----------------------------------------------------------
# Vivado v2020.1 (64-bit)
# SW Build 2902540 on Wed May 27 19:54:35 MDT 2020
# IP Build 2902112 on Wed May 27 22:43:36 MDT 2020
# Start of session at: Sun Apr  4 12:46:10 2021
# Process ID: 4849
# Current directory: /home/egoncu/Desktop/github/lightsup/prj/fproSampler_Lightsup
# Command line: vivado fproSampler_Lightsup.xpr
# Log file: /home/egoncu/Desktop/github/lightsup/prj/fproSampler_Lightsup/vivado.log
# Journal file: /home/egoncu/Desktop/github/lightsup/prj/fproSampler_Lightsup/vivado.jou
#-----------------------------------------------------------
start_gui
open_project fproSampler_Lightsup.xpr
Scanning sources...
Finished scanning sources
WARNING: [filemgmt 56-3] Default IP Output Path : Could not find the directory '/home/egoncu/Desktop/github/lightsup/prj/fproSampler_Lightsup/fproSampler_Lightsup.srcs/sources_1'.
INFO: [IP_Flow 19-234] Refreshing IP repositories
INFO: [IP_Flow 19-1704] No user IP repositories specified
INFO: [IP_Flow 19-2313] Loaded Vivado IP repository '/tools/Xilinx/Vivado/2020.1/data/ip'.
open_project: Time (s): cpu = 00:00:18 ; elapsed = 00:00:09 . Memory (MB): peak = 7042.086 ; gain = 46.082 ; free physical = 824 ; free virtual = 5542
WARNING: [IP_Flow 19-3899] Cannot get the environment domain name variable for the component vendor name. Setting the vendor name to 'user.org'.
update_compile_order -fileset sources_1
INFO: [Vivado 12-8231] Launching Vitis
INFO: [Vivado 12-417] Running vitis
INFO: [Vivado 12-8232] Vitis launch initiated. Please check console for any further messages.
reset_run synth_1
launch_runs impl_1 -to_step write_bitstream -jobs 2
[Sun Apr  4 12:54:24 2021] Launched synth_1...
Run output will be captured here: /home/egoncu/Desktop/github/lightsup/prj/fproSampler_Lightsup/fproSampler_Lightsup.runs/synth_1/runme.log
[Sun Apr  4 12:54:25 2021] Launched impl_1...
Run output will be captured here: /home/egoncu/Desktop/github/lightsup/prj/fproSampler_Lightsup/fproSampler_Lightsup.runs/impl_1/runme.log
reset_run synth_1
launch_runs impl_1 -to_step write_bitstream -jobs 2
[Sun Apr  4 12:55:01 2021] Launched synth_1...
Run output will be captured here: /home/egoncu/Desktop/github/lightsup/prj/fproSampler_Lightsup/fproSampler_Lightsup.runs/synth_1/runme.log
[Sun Apr  4 12:55:01 2021] Launched impl_1...
Run output will be captured here: /home/egoncu/Desktop/github/lightsup/prj/fproSampler_Lightsup/fproSampler_Lightsup.runs/impl_1/runme.log
INFO: [Vivado 12-8231] Launching Vitis
INFO: [Vivado 12-417] Running vitis
INFO: [Vivado 12-8232] Vitis launch initiated. Please check console for any further messages.
reset_run impl_1 -prev_step 
launch_runs impl_1 -to_step write_bitstream -jobs 2
[Sun Apr  4 21:18:09 2021] Launched impl_1...
Run output will be captured here: /home/egoncu/Desktop/github/lightsup/prj/fproSampler_Lightsup/fproSampler_Lightsup.runs/impl_1/runme.log
reset_run impl_1 -prev_step 
launch_runs impl_1 -to_step write_bitstream -jobs 2
[Sun Apr  4 21:28:39 2021] Launched impl_1...
Run output will be captured here: /home/egoncu/Desktop/github/lightsup/prj/fproSampler_Lightsup/fproSampler_Lightsup.runs/impl_1/runme.log
open_run impl_1
INFO: [Device 21-403] Loading part xc7a35tcpg236-1
Netlist sorting complete. Time (s): cpu = 00:00:00.13 ; elapsed = 00:00:00.13 . Memory (MB): peak = 7205.297 ; gain = 0.000 ; free physical = 1000 ; free virtual = 3017
INFO: [Netlist 29-17] Analyzing 437 Unisim elements for replacement
INFO: [Netlist 29-28] Unisim Transformation completed in 0 CPU seconds
INFO: [Project 1-479] Netlist was created with Vivado 2020.1
INFO: [Project 1-570] Preparing netlist for logic optimization
INFO: [Timing 38-478] Restoring timing data from binary archive.
INFO: [Timing 38-479] Binary timing data restore complete.
INFO: [Project 1-856] Restoring constraints from binary archive.
INFO: [Constraints 18-5170] The checkpoint was created with non-default parameter values which do not match the current Vivado settings.  Mismatching parameters are:
  general.maxThreads
INFO: [Project 1-853] Binary constraint restore complete.
Reading XDEF placement.
Reading placer database...
Reading XDEF routing.
Read XDEF File: Time (s): cpu = 00:00:00.50 ; elapsed = 00:00:00.53 . Memory (MB): peak = 7690.078 ; gain = 0.000 ; free physical = 416 ; free virtual = 2478
Restored from archive | CPU: 0.500000 secs | Memory: 4.933060 MB |
Finished XDEF File Restore: Time (s): cpu = 00:00:00.50 ; elapsed = 00:00:00.54 . Memory (MB): peak = 7690.078 ; gain = 0.000 ; free physical = 416 ; free virtual = 2478
Generating merged BMM file for the design top 'cpu'...
INFO: [Memdata 28-144] Successfully populated the BRAM INIT strings from the following elf files: /home/egoncu/Desktop/github/lightsup/prj/vitis/lights_app2/Debug/lights_app2.elf 
Netlist sorting complete. Time (s): cpu = 00:00:00.01 ; elapsed = 00:00:00 . Memory (MB): peak = 7698.082 ; gain = 0.000 ; free physical = 417 ; free virtual = 2480
INFO: [Project 1-111] Unisim Transformation Summary:
  A total of 172 instances were transformed.
  IOBUF => IOBUF (IBUF, OBUFT): 3 instances
  LUT6_2 => LUT6_2 (LUT5, LUT6): 95 instances
  RAM32X1D => RAM32X1D (RAMD32(x2)): 64 instances
  RAM64M => RAM64M (RAMD64E(x4)): 9 instances
  SRLC16E => SRL16E: 1 instance 

open_run: Time (s): cpu = 00:00:37 ; elapsed = 00:00:37 . Memory (MB): peak = 7895.367 ; gain = 690.070 ; free physical = 279 ; free virtual = 2395
open_report: Time (s): cpu = 00:00:09 ; elapsed = 00:00:05 . Memory (MB): peak = 7895.367 ; gain = 0.000 ; free physical = 234 ; free virtual = 2384
report_utilization -name utilization_1
report_utilization: Time (s): cpu = 00:00:16 ; elapsed = 00:00:10 . Memory (MB): peak = 7895.367 ; gain = 0.000 ; free physical = 124 ; free virtual = 2247
