INFO: [VRFC 10-163] Analyzing VHDL file "/home/egoncu/Desktop/github/lightsup/prj/fproSampler_Lightsup/fproSampler_Lightsup.sim/sim_1/synth/func/xsim/test_bench_for_complete_system_func_synth.vhd" into library xil_defaultlib
INFO: [VRFC 10-3107] analyzing entity 'adsr'
INFO: [VRFC 10-3107] analyzing entity 'baud_gen'
INFO: [VRFC 10-3107] analyzing entity 'chu_gpi'
INFO: [VRFC 10-3107] analyzing entity 'chu_gpo'
INFO: [VRFC 10-3107] analyzing entity 'chu_io_pwm_core'
INFO: [VRFC 10-3107] analyzing entity 'chu_timer'
INFO: [VRFC 10-3107] analyzing entity '\cpu__MB_BSCANE2\'
INFO: [VRFC 10-3107] analyzing entity '\cpu__MB_BUFG\'
INFO: [VRFC 10-3107] analyzing entity '\cpu__MB_FDC_1\'
INFO: [VRFC 10-3107] analyzing entity '\cpu__MB_FDRE_1\'
INFO: [VRFC 10-3107] analyzing entity '\cpu__bd_3914_xlconcat_0_0\'
INFO: [VRFC 10-3107] analyzing entity '\cpu__cdc_sync\'
INFO: [VRFC 10-3107] analyzing entity '\cpu__cdc_sync_0\'
INFO: [VRFC 10-3107] analyzing entity '\cpu__iomodule\'
INFO: [VRFC 10-3107] analyzing entity '\cpu__lmb_bram_if_cntlr\'
INFO: [VRFC 10-3107] analyzing entity '\cpu__lmb_bram_if_cntlr__parameterized1\'
INFO: [VRFC 10-3107] analyzing entity '\cpu__lmb_v10\'
INFO: [VRFC 10-3107] analyzing entity '\cpu__lmb_v10__parameterized1\'
INFO: [VRFC 10-3107] analyzing entity '\cpu__mdm_v3_2_18_MB_LUT1\'
INFO: [VRFC 10-3107] analyzing entity '\cpu__mdm_v3_2_18_MB_SRL16E\'
INFO: [VRFC 10-3107] analyzing entity '\cpu__mdm_v3_2_18_MB_SRL16E__parameterized0\'
INFO: [VRFC 10-3107] analyzing entity '\cpu__mdm_v3_2_18_MB_SRL16E__parameterized1\'
INFO: [VRFC 10-3107] analyzing entity '\cpu__mdm_v3_2_18_MB_SRL16E__parameterized2\'
INFO: [VRFC 10-3107] analyzing entity '\cpu__upcnt_n\'
INFO: [VRFC 10-3107] analyzing entity 'ddfs'
INFO: [VRFC 10-3107] analyzing entity 'debounce_counter'
INFO: [VRFC 10-3107] analyzing entity 'debounce_fsm'
INFO: [VRFC 10-3107] analyzing entity 'debounce_fsm_6'
INFO: [VRFC 10-3107] analyzing entity 'debounce_fsm_7'
INFO: [VRFC 10-3107] analyzing entity 'debounce_fsm_8'
INFO: [VRFC 10-3107] analyzing entity 'debounce_fsm_9'
INFO: [VRFC 10-3107] analyzing entity 'ds_1bit_dac'
INFO: [VRFC 10-3107] analyzing entity 'fifo_ctrl'
INFO: [VRFC 10-3107] analyzing entity 'fifo_ctrl_1'
INFO: [VRFC 10-3107] analyzing entity 'fifo_ctrl_4'
INFO: [VRFC 10-3107] analyzing entity 'i2c_master'
INFO: [VRFC 10-3107] analyzing entity 'led_mux8'
INFO: [VRFC 10-3107] analyzing entity 'ps2rx'
INFO: [VRFC 10-3107] analyzing entity 'ps2tx'
INFO: [VRFC 10-3107] analyzing entity 'reg_file'
INFO: [VRFC 10-3107] analyzing entity 'reg_file_2'
INFO: [VRFC 10-3107] analyzing entity 'reg_file_5'
INFO: [VRFC 10-3107] analyzing entity 'spi'
INFO: [VRFC 10-3107] analyzing entity 'uart_rx'
INFO: [VRFC 10-3107] analyzing entity 'uart_tx'
INFO: [VRFC 10-3107] analyzing entity 'xadc_fpro_basys3'
INFO: [VRFC 10-3107] analyzing entity '\cpu__MB_FD\'
INFO: [VRFC 10-3107] analyzing entity '\cpu__MB_FDE\'
INFO: [VRFC 10-3107] analyzing entity '\cpu__MB_FDE_491\'
INFO: [VRFC 10-3107] analyzing entity '\cpu__MB_FDE_497\'
INFO: [VRFC 10-3107] analyzing entity '\cpu__MB_FDE_503\'
INFO: [VRFC 10-3107] analyzing entity '\cpu__MB_FDE_509\'
INFO: [VRFC 10-3107] analyzing entity '\cpu__MB_FDE_515\'
INFO: [VRFC 10-3107] analyzing entity '\cpu__MB_FDE_521\'
INFO: [VRFC 10-3107] analyzing entity '\cpu__MB_FDE_527\'
INFO: [VRFC 10-3107] analyzing entity '\cpu__MB_FDE_533\'
INFO: [VRFC 10-3107] analyzing entity '\cpu__MB_FDE_539\'
INFO: [VRFC 10-3107] analyzing entity '\cpu__MB_FDE_545\'
INFO: [VRFC 10-3107] analyzing entity '\cpu__MB_FDE_551\'
INFO: [VRFC 10-3107] analyzing entity '\cpu__MB_FDE_557\'
INFO: [VRFC 10-3107] analyzing entity '\cpu__MB_FDE_563\'
INFO: [VRFC 10-3107] analyzing entity '\cpu__MB_FDE_569\'
INFO: [VRFC 10-3107] analyzing entity '\cpu__MB_FDE_600\'
INFO: [VRFC 10-3107] analyzing entity '\cpu__MB_FDE_604\'
INFO: [VRFC 10-3107] analyzing entity '\cpu__MB_FDE_608\'
INFO: [VRFC 10-3107] analyzing entity '\cpu__MB_FDE_612\'
INFO: [VRFC 10-3107] analyzing entity '\cpu__MB_FDE_616\'
INFO: [VRFC 10-3107] analyzing entity '\cpu__MB_FDE_620\'
INFO: [VRFC 10-3107] analyzing entity '\cpu__MB_FDE_624\'
INFO: [VRFC 10-3107] analyzing entity '\cpu__MB_FDE_628\'
INFO: [VRFC 10-3107] analyzing entity '\cpu__MB_FDE_632\'
INFO: [VRFC 10-3107] analyzing entity '\cpu__MB_FDE_636\'
INFO: [VRFC 10-3107] analyzing entity '\cpu__MB_FDE_640\'
INFO: [VRFC 10-3107] analyzing entity '\cpu__MB_FDE_644\'
INFO: [VRFC 10-3107] analyzing entity '\cpu__MB_FDE_648\'
INFO: [VRFC 10-3107] analyzing entity '\cpu__MB_FDE_652\'
INFO: [VRFC 10-3107] analyzing entity '\cpu__MB_FDE_656\'
INFO: [VRFC 10-3107] analyzing entity '\cpu__MB_FDE_660\'
INFO: [VRFC 10-3107] analyzing entity '\cpu__MB_FDE_664\'
INFO: [VRFC 10-3107] analyzing entity '\cpu__MB_FDE_668\'
INFO: [VRFC 10-3107] analyzing entity '\cpu__MB_FDE_672\'
INFO: [VRFC 10-3107] analyzing entity '\cpu__MB_FDE_676\'
INFO: [VRFC 10-3107] analyzing entity '\cpu__MB_FDE_680\'
INFO: [VRFC 10-3107] analyzing entity '\cpu__MB_FDE_684\'
INFO: [VRFC 10-3107] analyzing entity '\cpu__MB_FDE_688\'
INFO: [VRFC 10-3107] analyzing entity '\cpu__MB_FDE_692\'
INFO: [VRFC 10-3107] analyzing entity '\cpu__MB_FDE_696\'
INFO: [VRFC 10-3107] analyzing entity '\cpu__MB_FDE_700\'
INFO: [VRFC 10-3107] analyzing entity '\cpu__MB_FDE_704\'
INFO: [VRFC 10-3107] analyzing entity '\cpu__MB_FDE_708\'
INFO: [VRFC 10-3107] analyzing entity '\cpu__MB_FDE_712\'
INFO: [VRFC 10-3107] analyzing entity '\cpu__MB_FDE_716\'
INFO: [VRFC 10-3107] analyzing entity '\cpu__MB_FDE_720\'
INFO: [VRFC 10-3107] analyzing entity '\cpu__MB_FDE_724\'
INFO: [VRFC 10-3107] analyzing entity '\cpu__MB_FDS\'
INFO: [VRFC 10-3107] analyzing entity '\cpu__MB_FDS_88\'
INFO: [VRFC 10-3107] analyzing entity '\cpu__MB_FDS_90\'
INFO: [VRFC 10-3107] analyzing entity '\cpu__MB_FD_286\'
INFO: [VRFC 10-3107] analyzing entity '\cpu__MB_FD_289\'
INFO: [VRFC 10-3107] analyzing entity '\cpu__MB_FD_292\'
INFO: [VRFC 10-3107] analyzing entity '\cpu__MB_FD_295\'
INFO: [VRFC 10-3107] analyzing entity '\cpu__MB_FD_298\'
INFO: [VRFC 10-3107] analyzing entity '\cpu__MB_FD_301\'
INFO: [VRFC 10-3107] analyzing entity '\cpu__MB_FD_304\'
INFO: [VRFC 10-3107] analyzing entity '\cpu__MB_FD_307\'
INFO: [VRFC 10-3107] analyzing entity '\cpu__MB_FD_310\'
INFO: [VRFC 10-3107] analyzing entity '\cpu__MB_FD_313\'
INFO: [VRFC 10-3107] analyzing entity '\cpu__MB_FD_316\'
INFO: [VRFC 10-3107] analyzing entity '\cpu__MB_FD_319\'
INFO: [VRFC 10-3107] analyzing entity '\cpu__MB_FD_322\'
INFO: [VRFC 10-3107] analyzing entity '\cpu__MB_FD_325\'
INFO: [VRFC 10-3107] analyzing entity '\cpu__MB_FD_328\'
INFO: [VRFC 10-3107] analyzing entity '\cpu__MB_FD_331\'
INFO: [VRFC 10-3107] analyzing entity '\cpu__MB_FD_334\'
INFO: [VRFC 10-3107] analyzing entity '\cpu__MB_FD_337\'
INFO: [VRFC 10-3107] analyzing entity '\cpu__MB_FD_340\'
INFO: [VRFC 10-3107] analyzing entity '\cpu__MB_FD_343\'
INFO: [VRFC 10-3107] analyzing entity '\cpu__MB_FD_346\'
INFO: [VRFC 10-3107] analyzing entity '\cpu__MB_FD_349\'
INFO: [VRFC 10-3107] analyzing entity '\cpu__MB_FD_352\'
INFO: [VRFC 10-3107] analyzing entity '\cpu__MB_FD_355\'
INFO: [VRFC 10-3107] analyzing entity '\cpu__MB_FD_358\'
INFO: [VRFC 10-3107] analyzing entity '\cpu__MB_FD_361\'
INFO: [VRFC 10-3107] analyzing entity '\cpu__MB_FD_364\'
INFO: [VRFC 10-3107] analyzing entity '\cpu__MB_FD_367\'
INFO: [VRFC 10-3107] analyzing entity '\cpu__MB_FD_370\'
INFO: [VRFC 10-3107] analyzing entity '\cpu__MB_FD_373\'
INFO: [VRFC 10-3107] analyzing entity '\cpu__MB_FD_376\'
INFO: [VRFC 10-3107] analyzing entity '\cpu__MB_LUT2\'
INFO: [VRFC 10-3107] analyzing entity '\cpu__MB_LUT4\'
INFO: [VRFC 10-3107] analyzing entity '\cpu__MB_LUT4__parameterized1\'
INFO: [VRFC 10-3107] analyzing entity '\cpu__MB_LUT4__parameterized11\'
INFO: [VRFC 10-3107] analyzing entity '\cpu__MB_LUT4__parameterized13\'
INFO: [VRFC 10-3107] analyzing entity '\cpu__MB_LUT4__parameterized15\'
INFO: [VRFC 10-3107] analyzing entity '\cpu__MB_LUT4__parameterized15_161\'
INFO: [VRFC 10-3107] analyzing entity '\cpu__MB_LUT4__parameterized15_164\'
INFO: [VRFC 10-3107] analyzing entity '\cpu__MB_LUT4__parameterized15_167\'
INFO: [VRFC 10-3107] analyzing entity '\cpu__MB_LUT4__parameterized15_170\'
INFO: [VRFC 10-3107] analyzing entity '\cpu__MB_LUT4__parameterized15_173\'
INFO: [VRFC 10-3107] analyzing entity '\cpu__MB_LUT4__parameterized15_176\'
INFO: [VRFC 10-3107] analyzing entity '\cpu__MB_LUT4__parameterized15_179\'
INFO: [VRFC 10-3107] analyzing entity '\cpu__MB_LUT4__parameterized15_182\'
INFO: [VRFC 10-3107] analyzing entity '\cpu__MB_LUT4__parameterized15_185\'
INFO: [VRFC 10-3107] analyzing entity '\cpu__MB_LUT4__parameterized15_188\'
INFO: [VRFC 10-3107] analyzing entity '\cpu__MB_LUT4__parameterized15_191\'
INFO: [VRFC 10-3107] analyzing entity '\cpu__MB_LUT4__parameterized15_194\'
INFO: [VRFC 10-3107] analyzing entity '\cpu__MB_LUT4__parameterized15_197\'
INFO: [VRFC 10-3107] analyzing entity '\cpu__MB_LUT4__parameterized15_200\'
INFO: [VRFC 10-3107] analyzing entity '\cpu__MB_LUT4__parameterized15_203\'
INFO: [VRFC 10-3107] analyzing entity '\cpu__MB_LUT4__parameterized15_206\'
INFO: [VRFC 10-3107] analyzing entity '\cpu__MB_LUT4__parameterized15_209\'
INFO: [VRFC 10-3107] analyzing entity '\cpu__MB_LUT4__parameterized15_212\'
INFO: [VRFC 10-3107] analyzing entity '\cpu__MB_LUT4__parameterized15_215\'
INFO: [VRFC 10-3107] analyzing entity '\cpu__MB_LUT4__parameterized15_218\'
INFO: [VRFC 10-3107] analyzing entity '\cpu__MB_LUT4__parameterized15_221\'
INFO: [VRFC 10-3107] analyzing entity '\cpu__MB_LUT4__parameterized15_224\'
INFO: [VRFC 10-3107] analyzing entity '\cpu__MB_LUT4__parameterized15_227\'
INFO: [VRFC 10-3107] analyzing entity '\cpu__MB_LUT4__parameterized15_230\'
INFO: [VRFC 10-3107] analyzing entity '\cpu__MB_LUT4__parameterized15_233\'
INFO: [VRFC 10-3107] analyzing entity '\cpu__MB_LUT4__parameterized15_236\'
INFO: [VRFC 10-3107] analyzing entity '\cpu__MB_LUT4__parameterized15_239\'
INFO: [VRFC 10-3107] analyzing entity '\cpu__MB_LUT4__parameterized15_242\'
INFO: [VRFC 10-3107] analyzing entity '\cpu__MB_LUT4__parameterized15_245\'
INFO: [VRFC 10-3107] analyzing entity '\cpu__MB_LUT4__parameterized15_248\'
INFO: [VRFC 10-3107] analyzing entity '\cpu__MB_LUT4__parameterized15_251\'
INFO: [VRFC 10-3107] analyzing entity '\cpu__MB_LUT4__parameterized17\'
INFO: [VRFC 10-3107] analyzing entity '\cpu__MB_LUT4__parameterized17_162\'
INFO: [VRFC 10-3107] analyzing entity '\cpu__MB_LUT4__parameterized17_165\'
INFO: [VRFC 10-3107] analyzing entity '\cpu__MB_LUT4__parameterized17_168\'
INFO: [VRFC 10-3107] analyzing entity '\cpu__MB_LUT4__parameterized17_171\'
INFO: [VRFC 10-3107] analyzing entity '\cpu__MB_LUT4__parameterized17_174\'
INFO: [VRFC 10-3107] analyzing entity '\cpu__MB_LUT4__parameterized17_177\'
INFO: [VRFC 10-3107] analyzing entity '\cpu__MB_LUT4__parameterized17_180\'
INFO: [VRFC 10-3107] analyzing entity '\cpu__MB_LUT4__parameterized17_183\'
INFO: [VRFC 10-3107] analyzing entity '\cpu__MB_LUT4__parameterized17_186\'
INFO: [VRFC 10-3107] analyzing entity '\cpu__MB_LUT4__parameterized17_189\'
INFO: [VRFC 10-3107] analyzing entity '\cpu__MB_LUT4__parameterized17_192\'
INFO: [VRFC 10-3107] analyzing entity '\cpu__MB_LUT4__parameterized17_195\'
INFO: [VRFC 10-3107] analyzing entity '\cpu__MB_LUT4__parameterized17_198\'
INFO: [VRFC 10-3107] analyzing entity '\cpu__MB_LUT4__parameterized17_201\'
INFO: [VRFC 10-3107] analyzing entity '\cpu__MB_LUT4__parameterized17_204\'
INFO: [VRFC 10-3107] analyzing entity '\cpu__MB_LUT4__parameterized17_207\'
INFO: [VRFC 10-3107] analyzing entity '\cpu__MB_LUT4__parameterized17_210\'
INFO: [VRFC 10-3107] analyzing entity '\cpu__MB_LUT4__parameterized17_213\'
INFO: [VRFC 10-3107] analyzing entity '\cpu__MB_LUT4__parameterized17_216\'
INFO: [VRFC 10-3107] analyzing entity '\cpu__MB_LUT4__parameterized17_219\'
INFO: [VRFC 10-3107] analyzing entity '\cpu__MB_LUT4__parameterized17_222\'
INFO: [VRFC 10-3107] analyzing entity '\cpu__MB_LUT4__parameterized17_225\'
INFO: [VRFC 10-3107] analyzing entity '\cpu__MB_LUT4__parameterized17_228\'
INFO: [VRFC 10-3107] analyzing entity '\cpu__MB_LUT4__parameterized17_231\'
INFO: [VRFC 10-3107] analyzing entity '\cpu__MB_LUT4__parameterized17_234\'
INFO: [VRFC 10-3107] analyzing entity '\cpu__MB_LUT4__parameterized17_237\'
INFO: [VRFC 10-3107] analyzing entity '\cpu__MB_LUT4__parameterized17_240\'
INFO: [VRFC 10-3107] analyzing entity '\cpu__MB_LUT4__parameterized17_243\'
INFO: [VRFC 10-3107] analyzing entity '\cpu__MB_LUT4__parameterized17_246\'
INFO: [VRFC 10-3107] analyzing entity '\cpu__MB_LUT4__parameterized17_249\'
INFO: [VRFC 10-3107] analyzing entity '\cpu__MB_LUT4__parameterized17_252\'
INFO: [VRFC 10-3107] analyzing entity '\cpu__MB_LUT4__parameterized19\'
INFO: [VRFC 10-3107] analyzing entity '\cpu__MB_LUT4__parameterized19_287\'
INFO: [VRFC 10-3107] analyzing entity '\cpu__MB_LUT4__parameterized19_290\'
INFO: [VRFC 10-3107] analyzing entity '\cpu__MB_LUT4__parameterized19_293\'
INFO: [VRFC 10-3107] analyzing entity '\cpu__MB_LUT4__parameterized19_296\'
INFO: [VRFC 10-3107] analyzing entity '\cpu__MB_LUT4__parameterized19_299\'
INFO: [VRFC 10-3107] analyzing entity '\cpu__MB_LUT4__parameterized19_302\'
INFO: [VRFC 10-3107] analyzing entity '\cpu__MB_LUT4__parameterized19_305\'
INFO: [VRFC 10-3107] analyzing entity '\cpu__MB_LUT4__parameterized19_308\'
INFO: [VRFC 10-3107] analyzing entity '\cpu__MB_LUT4__parameterized19_311\'
INFO: [VRFC 10-3107] analyzing entity '\cpu__MB_LUT4__parameterized19_314\'
INFO: [VRFC 10-3107] analyzing entity '\cpu__MB_LUT4__parameterized19_317\'
INFO: [VRFC 10-3107] analyzing entity '\cpu__MB_LUT4__parameterized19_320\'
INFO: [VRFC 10-3107] analyzing entity '\cpu__MB_LUT4__parameterized19_323\'
INFO: [VRFC 10-3107] analyzing entity '\cpu__MB_LUT4__parameterized19_326\'
INFO: [VRFC 10-3107] analyzing entity '\cpu__MB_LUT4__parameterized19_329\'
INFO: [VRFC 10-3107] analyzing entity '\cpu__MB_LUT4__parameterized19_332\'
INFO: [VRFC 10-3107] analyzing entity '\cpu__MB_LUT4__parameterized19_335\'
INFO: [VRFC 10-3107] analyzing entity '\cpu__MB_LUT4__parameterized19_338\'
INFO: [VRFC 10-3107] analyzing entity '\cpu__MB_LUT4__parameterized19_341\'
INFO: [VRFC 10-3107] analyzing entity '\cpu__MB_LUT4__parameterized19_344\'
INFO: [VRFC 10-3107] analyzing entity '\cpu__MB_LUT4__parameterized19_347\'
INFO: [VRFC 10-3107] analyzing entity '\cpu__MB_LUT4__parameterized19_350\'
INFO: [VRFC 10-3107] analyzing entity '\cpu__MB_LUT4__parameterized19_353\'
INFO: [VRFC 10-3107] analyzing entity '\cpu__MB_LUT4__parameterized19_356\'
INFO: [VRFC 10-3107] analyzing entity '\cpu__MB_LUT4__parameterized19_359\'
INFO: [VRFC 10-3107] analyzing entity '\cpu__MB_LUT4__parameterized19_362\'
INFO: [VRFC 10-3107] analyzing entity '\cpu__MB_LUT4__parameterized19_365\'
INFO: [VRFC 10-3107] analyzing entity '\cpu__MB_LUT4__parameterized19_368\'
INFO: [VRFC 10-3107] analyzing entity '\cpu__MB_LUT4__parameterized19_371\'
INFO: [VRFC 10-3107] analyzing entity '\cpu__MB_LUT4__parameterized19_374\'
INFO: [VRFC 10-3107] analyzing entity '\cpu__MB_LUT4__parameterized19_377\'
INFO: [VRFC 10-3107] analyzing entity '\cpu__MB_LUT4__parameterized21\'
INFO: [VRFC 10-3107] analyzing entity '\cpu__MB_LUT4__parameterized21_493\'
INFO: [VRFC 10-3107] analyzing entity '\cpu__MB_LUT4__parameterized21_499\'
INFO: [VRFC 10-3107] analyzing entity '\cpu__MB_LUT4__parameterized21_505\'
INFO: [VRFC 10-3107] analyzing entity '\cpu__MB_LUT4__parameterized21_511\'
INFO: [VRFC 10-3107] analyzing entity '\cpu__MB_LUT4__parameterized21_517\'
INFO: [VRFC 10-3107] analyzing entity '\cpu__MB_LUT4__parameterized21_523\'
INFO: [VRFC 10-3107] analyzing entity '\cpu__MB_LUT4__parameterized21_529\'
INFO: [VRFC 10-3107] analyzing entity '\cpu__MB_LUT4__parameterized21_535\'
INFO: [VRFC 10-3107] analyzing entity '\cpu__MB_LUT4__parameterized21_541\'
INFO: [VRFC 10-3107] analyzing entity '\cpu__MB_LUT4__parameterized21_547\'
INFO: [VRFC 10-3107] analyzing entity '\cpu__MB_LUT4__parameterized21_553\'
INFO: [VRFC 10-3107] analyzing entity '\cpu__MB_LUT4__parameterized21_559\'
INFO: [VRFC 10-3107] analyzing entity '\cpu__MB_LUT4__parameterized21_565\'
INFO: [VRFC 10-3107] analyzing entity '\cpu__MB_LUT4__parameterized21_571\'
INFO: [VRFC 10-3107] analyzing entity '\cpu__MB_LUT4__parameterized23\'
INFO: [VRFC 10-3107] analyzing entity '\cpu__MB_LUT4__parameterized23_490\'
INFO: [VRFC 10-3107] analyzing entity '\cpu__MB_LUT4__parameterized23_496\'
INFO: [VRFC 10-3107] analyzing entity '\cpu__MB_LUT4__parameterized23_502\'
INFO: [VRFC 10-3107] analyzing entity '\cpu__MB_LUT4__parameterized23_508\'
INFO: [VRFC 10-3107] analyzing entity '\cpu__MB_LUT4__parameterized23_514\'
INFO: [VRFC 10-3107] analyzing entity '\cpu__MB_LUT4__parameterized23_520\'
INFO: [VRFC 10-3107] analyzing entity '\cpu__MB_LUT4__parameterized23_526\'
INFO: [VRFC 10-3107] analyzing entity '\cpu__MB_LUT4__parameterized23_532\'
INFO: [VRFC 10-3107] analyzing entity '\cpu__MB_LUT4__parameterized23_538\'
INFO: [VRFC 10-3107] analyzing entity '\cpu__MB_LUT4__parameterized23_544\'
INFO: [VRFC 10-3107] analyzing entity '\cpu__MB_LUT4__parameterized23_550\'
INFO: [VRFC 10-3107] analyzing entity '\cpu__MB_LUT4__parameterized23_556\'
INFO: [VRFC 10-3107] analyzing entity '\cpu__MB_LUT4__parameterized23_562\'
INFO: [VRFC 10-3107] analyzing entity '\cpu__MB_LUT4__parameterized23_568\'
INFO: [VRFC 10-3107] analyzing entity '\cpu__MB_LUT4__parameterized3\'
INFO: [VRFC 10-3107] analyzing entity '\cpu__MB_LUT4__parameterized3_83\'
INFO: [VRFC 10-3107] analyzing entity '\cpu__MB_LUT4__parameterized5\'
INFO: [VRFC 10-3107] analyzing entity '\cpu__MB_LUT4__parameterized5_74\'
INFO: [VRFC 10-3107] analyzing entity '\cpu__MB_LUT4__parameterized5_75\'
INFO: [VRFC 10-3107] analyzing entity '\cpu__MB_LUT4__parameterized5_76\'
INFO: [VRFC 10-3107] analyzing entity '\cpu__MB_LUT4__parameterized7\'
INFO: [VRFC 10-3107] analyzing entity '\cpu__MB_LUT4__parameterized7_78\'
INFO: [VRFC 10-3107] analyzing entity '\cpu__MB_LUT4__parameterized9\'
INFO: [VRFC 10-3107] analyzing entity '\cpu__MB_LUT5\'
INFO: [VRFC 10-3107] analyzing entity '\cpu__MB_LUT5__parameterized1\'
INFO: [VRFC 10-3107] analyzing entity '\cpu__MB_LUT6_2\'
INFO: [VRFC 10-3107] analyzing entity '\cpu__MB_LUT6_2_601\'
INFO: [VRFC 10-3107] analyzing entity '\cpu__MB_LUT6_2_605\'
INFO: [VRFC 10-3107] analyzing entity '\cpu__MB_LUT6_2_609\'
INFO: [VRFC 10-3107] analyzing entity '\cpu__MB_LUT6_2_613\'
INFO: [VRFC 10-3107] analyzing entity '\cpu__MB_LUT6_2_617\'
INFO: [VRFC 10-3107] analyzing entity '\cpu__MB_LUT6_2_621\'
INFO: [VRFC 10-3107] analyzing entity '\cpu__MB_LUT6_2_625\'
INFO: [VRFC 10-3107] analyzing entity '\cpu__MB_LUT6_2_629\'
INFO: [VRFC 10-3107] analyzing entity '\cpu__MB_LUT6_2_633\'
INFO: [VRFC 10-3107] analyzing entity '\cpu__MB_LUT6_2_637\'
INFO: [VRFC 10-3107] analyzing entity '\cpu__MB_LUT6_2_641\'
INFO: [VRFC 10-3107] analyzing entity '\cpu__MB_LUT6_2_645\'
INFO: [VRFC 10-3107] analyzing entity '\cpu__MB_LUT6_2_649\'
INFO: [VRFC 10-3107] analyzing entity '\cpu__MB_LUT6_2_653\'
INFO: [VRFC 10-3107] analyzing entity '\cpu__MB_LUT6_2_657\'
INFO: [VRFC 10-3107] analyzing entity '\cpu__MB_LUT6_2_661\'
INFO: [VRFC 10-3107] analyzing entity '\cpu__MB_LUT6_2_665\'
INFO: [VRFC 10-3107] analyzing entity '\cpu__MB_LUT6_2_669\'
INFO: [VRFC 10-3107] analyzing entity '\cpu__MB_LUT6_2_673\'
INFO: [VRFC 10-3107] analyzing entity '\cpu__MB_LUT6_2_677\'
INFO: [VRFC 10-3107] analyzing entity '\cpu__MB_LUT6_2_681\'
INFO: [VRFC 10-3107] analyzing entity '\cpu__MB_LUT6_2_685\'
INFO: [VRFC 10-3107] analyzing entity '\cpu__MB_LUT6_2_689\'
INFO: [VRFC 10-3107] analyzing entity '\cpu__MB_LUT6_2_693\'
INFO: [VRFC 10-3107] analyzing entity '\cpu__MB_LUT6_2_697\'
INFO: [VRFC 10-3107] analyzing entity '\cpu__MB_LUT6_2_701\'
INFO: [VRFC 10-3107] analyzing entity '\cpu__MB_LUT6_2_705\'
INFO: [VRFC 10-3107] analyzing entity '\cpu__MB_LUT6_2_709\'
INFO: [VRFC 10-3107] analyzing entity '\cpu__MB_LUT6_2_713\'
INFO: [VRFC 10-3107] analyzing entity '\cpu__MB_LUT6_2_717\'
INFO: [VRFC 10-3107] analyzing entity '\cpu__MB_LUT6_2_721\'
INFO: [VRFC 10-3107] analyzing entity '\cpu__MB_LUT6_2__parameterized10\'
INFO: [VRFC 10-3107] analyzing entity '\cpu__MB_LUT6_2__parameterized12\'
INFO: [VRFC 10-3107] analyzing entity '\cpu__MB_LUT6_2__parameterized14\'
INFO: [VRFC 10-3107] analyzing entity '\cpu__MB_LUT6_2__parameterized16\'
INFO: [VRFC 10-3107] analyzing entity '\cpu__MB_LUT6_2__parameterized16_10\'
INFO: [VRFC 10-3107] analyzing entity '\cpu__MB_LUT6_2__parameterized16_11\'
INFO: [VRFC 10-3107] analyzing entity '\cpu__MB_LUT6_2__parameterized16_12\'
INFO: [VRFC 10-3107] analyzing entity '\cpu__MB_LUT6_2__parameterized16_13\'
INFO: [VRFC 10-3107] analyzing entity '\cpu__MB_LUT6_2__parameterized16_14\'
INFO: [VRFC 10-3107] analyzing entity '\cpu__MB_LUT6_2__parameterized16_15\'
INFO: [VRFC 10-3107] analyzing entity '\cpu__MB_LUT6_2__parameterized16_16\'
INFO: [VRFC 10-3107] analyzing entity '\cpu__MB_LUT6_2__parameterized16_17\'
INFO: [VRFC 10-3107] analyzing entity '\cpu__MB_LUT6_2__parameterized16_3\'
INFO: [VRFC 10-3107] analyzing entity '\cpu__MB_LUT6_2__parameterized16_4\'
INFO: [VRFC 10-3107] analyzing entity '\cpu__MB_LUT6_2__parameterized16_5\'
INFO: [VRFC 10-3107] analyzing entity '\cpu__MB_LUT6_2__parameterized16_6\'
INFO: [VRFC 10-3107] analyzing entity '\cpu__MB_LUT6_2__parameterized16_7\'
INFO: [VRFC 10-3107] analyzing entity '\cpu__MB_LUT6_2__parameterized16_8\'
INFO: [VRFC 10-3107] analyzing entity '\cpu__MB_LUT6_2__parameterized16_825\'
INFO: [VRFC 10-3107] analyzing entity '\cpu__MB_LUT6_2__parameterized16_826\'
INFO: [VRFC 10-3107] analyzing entity '\cpu__MB_LUT6_2__parameterized16_827\'
INFO: [VRFC 10-3107] analyzing entity '\cpu__MB_LUT6_2__parameterized16_828\'
INFO: [VRFC 10-3107] analyzing entity '\cpu__MB_LUT6_2__parameterized16_829\'
INFO: [VRFC 10-3107] analyzing entity '\cpu__MB_LUT6_2__parameterized16_830\'
INFO: [VRFC 10-3107] analyzing entity '\cpu__MB_LUT6_2__parameterized16_831\'
INFO: [VRFC 10-3107] analyzing entity '\cpu__MB_LUT6_2__parameterized16_832\'
INFO: [VRFC 10-3107] analyzing entity '\cpu__MB_LUT6_2__parameterized16_833\'
INFO: [VRFC 10-3107] analyzing entity '\cpu__MB_LUT6_2__parameterized16_834\'
INFO: [VRFC 10-3107] analyzing entity '\cpu__MB_LUT6_2__parameterized16_835\'
INFO: [VRFC 10-3107] analyzing entity '\cpu__MB_LUT6_2__parameterized16_836\'
INFO: [VRFC 10-3107] analyzing entity '\cpu__MB_LUT6_2__parameterized16_9\'
INFO: [VRFC 10-3107] analyzing entity '\cpu__MB_LUT6_2__parameterized2\'
INFO: [VRFC 10-3107] analyzing entity '\cpu__MB_LUT6_2__parameterized2_762\'
INFO: [VRFC 10-3107] analyzing entity '\cpu__MB_LUT6_2__parameterized2_764\'
INFO: [VRFC 10-3107] analyzing entity '\cpu__MB_LUT6_2__parameterized2_766\'
INFO: [VRFC 10-3107] analyzing entity '\cpu__MB_LUT6_2__parameterized2_768\'
INFO: [VRFC 10-3107] analyzing entity '\cpu__MB_LUT6_2__parameterized2_770\'
INFO: [VRFC 10-3107] analyzing entity '\cpu__MB_LUT6_2__parameterized2_772\'
INFO: [VRFC 10-3107] analyzing entity '\cpu__MB_LUT6_2__parameterized2_774\'
INFO: [VRFC 10-3107] analyzing entity '\cpu__MB_LUT6_2__parameterized2_776\'
INFO: [VRFC 10-3107] analyzing entity '\cpu__MB_LUT6_2__parameterized2_778\'
INFO: [VRFC 10-3107] analyzing entity '\cpu__MB_LUT6_2__parameterized2_780\'
INFO: [VRFC 10-3107] analyzing entity '\cpu__MB_LUT6_2__parameterized2_782\'
INFO: [VRFC 10-3107] analyzing entity '\cpu__MB_LUT6_2__parameterized2_784\'
INFO: [VRFC 10-3107] analyzing entity '\cpu__MB_LUT6_2__parameterized2_786\'
INFO: [VRFC 10-3107] analyzing entity '\cpu__MB_LUT6_2__parameterized2_788\'
INFO: [VRFC 10-3107] analyzing entity '\cpu__MB_LUT6_2__parameterized2_790\'
INFO: [VRFC 10-3107] analyzing entity '\cpu__MB_LUT6_2__parameterized2_792\'
INFO: [VRFC 10-3107] analyzing entity '\cpu__MB_LUT6_2__parameterized2_794\'
INFO: [VRFC 10-3107] analyzing entity '\cpu__MB_LUT6_2__parameterized2_796\'
INFO: [VRFC 10-3107] analyzing entity '\cpu__MB_LUT6_2__parameterized2_798\'
INFO: [VRFC 10-3107] analyzing entity '\cpu__MB_LUT6_2__parameterized2_800\'
INFO: [VRFC 10-3107] analyzing entity '\cpu__MB_LUT6_2__parameterized2_802\'
INFO: [VRFC 10-3107] analyzing entity '\cpu__MB_LUT6_2__parameterized2_804\'
INFO: [VRFC 10-3107] analyzing entity '\cpu__MB_LUT6_2__parameterized2_806\'
INFO: [VRFC 10-3107] analyzing entity '\cpu__MB_LUT6_2__parameterized2_808\'
INFO: [VRFC 10-3107] analyzing entity '\cpu__MB_LUT6_2__parameterized2_810\'
INFO: [VRFC 10-3107] analyzing entity '\cpu__MB_LUT6_2__parameterized2_812\'
INFO: [VRFC 10-3107] analyzing entity '\cpu__MB_LUT6_2__parameterized2_814\'
INFO: [VRFC 10-3107] analyzing entity '\cpu__MB_LUT6_2__parameterized2_816\'
INFO: [VRFC 10-3107] analyzing entity '\cpu__MB_LUT6_2__parameterized2_818\'
INFO: [VRFC 10-3107] analyzing entity '\cpu__MB_LUT6_2__parameterized2_820\'
INFO: [VRFC 10-3107] analyzing entity '\cpu__MB_LUT6_2__parameterized4\'
INFO: [VRFC 10-3107] analyzing entity '\cpu__MB_LUT6_2__parameterized6\'
INFO: [VRFC 10-3107] analyzing entity '\cpu__MB_LUT6_2__parameterized8\'
INFO: [VRFC 10-3107] analyzing entity '\cpu__MB_RAM32X1D\'
INFO: [VRFC 10-3107] analyzing entity '\cpu__MB_RAM32X1D_409\'
INFO: [VRFC 10-3107] analyzing entity '\cpu__MB_RAM32X1D_410\'
INFO: [VRFC 10-3107] analyzing entity '\cpu__MB_RAM32X1D_411\'
INFO: [VRFC 10-3107] analyzing entity '\cpu__MB_RAM32X1D_412\'
INFO: [VRFC 10-3107] analyzing entity '\cpu__MB_RAM32X1D_413\'
INFO: [VRFC 10-3107] analyzing entity '\cpu__MB_RAM32X1D_414\'
INFO: [VRFC 10-3107] analyzing entity '\cpu__MB_RAM32X1D_415\'
INFO: [VRFC 10-3107] analyzing entity '\cpu__MB_RAM32X1D_416\'
INFO: [VRFC 10-3107] analyzing entity '\cpu__MB_RAM32X1D_417\'
INFO: [VRFC 10-3107] analyzing entity '\cpu__MB_RAM32X1D_418\'
INFO: [VRFC 10-3107] analyzing entity '\cpu__MB_RAM32X1D_419\'
INFO: [VRFC 10-3107] analyzing entity '\cpu__MB_RAM32X1D_420\'
INFO: [VRFC 10-3107] analyzing entity '\cpu__MB_RAM32X1D_421\'
INFO: [VRFC 10-3107] analyzing entity '\cpu__MB_RAM32X1D_422\'
INFO: [VRFC 10-3107] analyzing entity '\cpu__MB_RAM32X1D_423\'
INFO: [VRFC 10-3107] analyzing entity '\cpu__MB_RAM32X1D_424\'
INFO: [VRFC 10-3107] analyzing entity '\cpu__MB_RAM32X1D_425\'
INFO: [VRFC 10-3107] analyzing entity '\cpu__MB_RAM32X1D_426\'
INFO: [VRFC 10-3107] analyzing entity '\cpu__MB_RAM32X1D_427\'
INFO: [VRFC 10-3107] analyzing entity '\cpu__MB_RAM32X1D_428\'
INFO: [VRFC 10-3107] analyzing entity '\cpu__MB_RAM32X1D_429\'
INFO: [VRFC 10-3107] analyzing entity '\cpu__MB_RAM32X1D_430\'
INFO: [VRFC 10-3107] analyzing entity '\cpu__MB_RAM32X1D_431\'
INFO: [VRFC 10-3107] analyzing entity '\cpu__MB_RAM32X1D_432\'
INFO: [VRFC 10-3107] analyzing entity '\cpu__MB_RAM32X1D_433\'
INFO: [VRFC 10-3107] analyzing entity '\cpu__MB_RAM32X1D_434\'
INFO: [VRFC 10-3107] analyzing entity '\cpu__MB_RAM32X1D_435\'
INFO: [VRFC 10-3107] analyzing entity '\cpu__MB_RAM32X1D_436\'
INFO: [VRFC 10-3107] analyzing entity '\cpu__MB_RAM32X1D_437\'
INFO: [VRFC 10-3107] analyzing entity '\cpu__MB_RAM32X1D_438\'
INFO: [VRFC 10-3107] analyzing entity '\cpu__MB_RAM32X1D_439\'
INFO: [VRFC 10-3107] analyzing entity '\cpu__MB_RAM32X1D_440\'
INFO: [VRFC 10-3107] analyzing entity '\cpu__MB_RAM32X1D_441\'
INFO: [VRFC 10-3107] analyzing entity '\cpu__MB_RAM32X1D_442\'
INFO: [VRFC 10-3107] analyzing entity '\cpu__MB_RAM32X1D_443\'
INFO: [VRFC 10-3107] analyzing entity '\cpu__MB_RAM32X1D_444\'
INFO: [VRFC 10-3107] analyzing entity '\cpu__MB_RAM32X1D_445\'
INFO: [VRFC 10-3107] analyzing entity '\cpu__MB_RAM32X1D_446\'
INFO: [VRFC 10-3107] analyzing entity '\cpu__MB_RAM32X1D_447\'
INFO: [VRFC 10-3107] analyzing entity '\cpu__MB_RAM32X1D_448\'
INFO: [VRFC 10-3107] analyzing entity '\cpu__MB_RAM32X1D_449\'
INFO: [VRFC 10-3107] analyzing entity '\cpu__MB_RAM32X1D_450\'
INFO: [VRFC 10-3107] analyzing entity '\cpu__MB_RAM32X1D_451\'
INFO: [VRFC 10-3107] analyzing entity '\cpu__MB_RAM32X1D_452\'
INFO: [VRFC 10-3107] analyzing entity '\cpu__MB_RAM32X1D_453\'
INFO: [VRFC 10-3107] analyzing entity '\cpu__MB_RAM32X1D_454\'
INFO: [VRFC 10-3107] analyzing entity '\cpu__MB_RAM32X1D_455\'
INFO: [VRFC 10-3107] analyzing entity '\cpu__MB_RAM32X1D_456\'
INFO: [VRFC 10-3107] analyzing entity '\cpu__MB_RAM32X1D_457\'
INFO: [VRFC 10-3107] analyzing entity '\cpu__MB_RAM32X1D_458\'
INFO: [VRFC 10-3107] analyzing entity '\cpu__MB_RAM32X1D_459\'
INFO: [VRFC 10-3107] analyzing entity '\cpu__MB_RAM32X1D_460\'
INFO: [VRFC 10-3107] analyzing entity '\cpu__MB_RAM32X1D_461\'
INFO: [VRFC 10-3107] analyzing entity '\cpu__MB_RAM32X1D_462\'
INFO: [VRFC 10-3107] analyzing entity '\cpu__MB_RAM32X1D_463\'
INFO: [VRFC 10-3107] analyzing entity '\cpu__MB_RAM32X1D_464\'
INFO: [VRFC 10-3107] analyzing entity '\cpu__MB_RAM32X1D_465\'
INFO: [VRFC 10-3107] analyzing entity '\cpu__MB_RAM32X1D_466\'
INFO: [VRFC 10-3107] analyzing entity '\cpu__MB_RAM32X1D_467\'
INFO: [VRFC 10-3107] analyzing entity '\cpu__MB_RAM32X1D_468\'
INFO: [VRFC 10-3107] analyzing entity '\cpu__MB_RAM32X1D_469\'
INFO: [VRFC 10-3107] analyzing entity '\cpu__MB_RAM32X1D_470\'
INFO: [VRFC 10-3107] analyzing entity '\cpu__MB_RAM32X1D_471\'
INFO: [VRFC 10-3107] analyzing entity '\cpu__MB_SRLC16E\'
INFO: [VRFC 10-3107] analyzing entity '\cpu__MB_SRLC16E_35\'
INFO: [VRFC 10-3107] analyzing entity '\cpu__MB_SRLC16E_37\'
INFO: [VRFC 10-3107] analyzing entity '\cpu__MB_SRLC16E_39\'
INFO: [VRFC 10-3107] analyzing entity '\cpu__MB_SRLC16E_41\'
INFO: [VRFC 10-3107] analyzing entity '\cpu__MB_SRLC16E_43\'
INFO: [VRFC 10-3107] analyzing entity '\cpu__MB_SRLC16E_45\'
INFO: [VRFC 10-3107] analyzing entity '\cpu__MB_SRLC16E_47\'
INFO: [VRFC 10-3107] analyzing entity '\cpu__blk_mem_gen_prim_wrapper\'
INFO: [VRFC 10-3107] analyzing entity '\cpu__blk_mem_gen_prim_wrapper__parameterized0\'
INFO: [VRFC 10-3107] analyzing entity '\cpu__blk_mem_gen_prim_wrapper__parameterized1\'
INFO: [VRFC 10-3107] analyzing entity '\cpu__blk_mem_gen_prim_wrapper__parameterized10\'
INFO: [VRFC 10-3107] analyzing entity '\cpu__blk_mem_gen_prim_wrapper__parameterized11\'
INFO: [VRFC 10-3107] analyzing entity '\cpu__blk_mem_gen_prim_wrapper__parameterized12\'
INFO: [VRFC 10-3107] analyzing entity '\cpu__blk_mem_gen_prim_wrapper__parameterized13\'
INFO: [VRFC 10-3107] analyzing entity '\cpu__blk_mem_gen_prim_wrapper__parameterized14\'
INFO: [VRFC 10-3107] analyzing entity '\cpu__blk_mem_gen_prim_wrapper__parameterized15\'
INFO: [VRFC 10-3107] analyzing entity '\cpu__blk_mem_gen_prim_wrapper__parameterized16\'
INFO: [VRFC 10-3107] analyzing entity '\cpu__blk_mem_gen_prim_wrapper__parameterized17\'
INFO: [VRFC 10-3107] analyzing entity '\cpu__blk_mem_gen_prim_wrapper__parameterized18\'
INFO: [VRFC 10-3107] analyzing entity '\cpu__blk_mem_gen_prim_wrapper__parameterized19\'
INFO: [VRFC 10-3107] analyzing entity '\cpu__blk_mem_gen_prim_wrapper__parameterized2\'
INFO: [VRFC 10-3107] analyzing entity '\cpu__blk_mem_gen_prim_wrapper__parameterized20\'
INFO: [VRFC 10-3107] analyzing entity '\cpu__blk_mem_gen_prim_wrapper__parameterized21\'
INFO: [VRFC 10-3107] analyzing entity '\cpu__blk_mem_gen_prim_wrapper__parameterized22\'
INFO: [VRFC 10-3107] analyzing entity '\cpu__blk_mem_gen_prim_wrapper__parameterized23\'
INFO: [VRFC 10-3107] analyzing entity '\cpu__blk_mem_gen_prim_wrapper__parameterized24\'
INFO: [VRFC 10-3107] analyzing entity '\cpu__blk_mem_gen_prim_wrapper__parameterized25\'
INFO: [VRFC 10-3107] analyzing entity '\cpu__blk_mem_gen_prim_wrapper__parameterized26\'
INFO: [VRFC 10-3107] analyzing entity '\cpu__blk_mem_gen_prim_wrapper__parameterized27\'
INFO: [VRFC 10-3107] analyzing entity '\cpu__blk_mem_gen_prim_wrapper__parameterized28\'
INFO: [VRFC 10-3107] analyzing entity '\cpu__blk_mem_gen_prim_wrapper__parameterized29\'
INFO: [VRFC 10-3107] analyzing entity '\cpu__blk_mem_gen_prim_wrapper__parameterized3\'
INFO: [VRFC 10-3107] analyzing entity '\cpu__blk_mem_gen_prim_wrapper__parameterized30\'
INFO: [VRFC 10-3107] analyzing entity '\cpu__blk_mem_gen_prim_wrapper__parameterized4\'
INFO: [VRFC 10-3107] analyzing entity '\cpu__blk_mem_gen_prim_wrapper__parameterized5\'
INFO: [VRFC 10-3107] analyzing entity '\cpu__blk_mem_gen_prim_wrapper__parameterized6\'
INFO: [VRFC 10-3107] analyzing entity '\cpu__blk_mem_gen_prim_wrapper__parameterized7\'
INFO: [VRFC 10-3107] analyzing entity '\cpu__blk_mem_gen_prim_wrapper__parameterized8\'
INFO: [VRFC 10-3107] analyzing entity '\cpu__blk_mem_gen_prim_wrapper__parameterized9\'
INFO: [VRFC 10-3107] analyzing entity '\cpu__microblaze_v11_0_3_MB_FDR\'
INFO: [VRFC 10-3107] analyzing entity '\cpu__microblaze_v11_0_3_MB_FDRE\'
INFO: [VRFC 10-3107] analyzing entity '\cpu__microblaze_v11_0_3_MB_FDRE_598\'
INFO: [VRFC 10-3107] analyzing entity '\cpu__microblaze_v11_0_3_MB_FDRE_599\'
INFO: [VRFC 10-3107] analyzing entity '\cpu__microblaze_v11_0_3_MB_FDRE_602\'
INFO: [VRFC 10-3107] analyzing entity '\cpu__microblaze_v11_0_3_MB_FDRE_603\'
INFO: [VRFC 10-3107] analyzing entity '\cpu__microblaze_v11_0_3_MB_FDRE_606\'
INFO: [VRFC 10-3107] analyzing entity '\cpu__microblaze_v11_0_3_MB_FDRE_607\'
INFO: [VRFC 10-3107] analyzing entity '\cpu__microblaze_v11_0_3_MB_FDRE_61\'
INFO: [VRFC 10-3107] analyzing entity '\cpu__microblaze_v11_0_3_MB_FDRE_610\'
INFO: [VRFC 10-3107] analyzing entity '\cpu__microblaze_v11_0_3_MB_FDRE_611\'
INFO: [VRFC 10-3107] analyzing entity '\cpu__microblaze_v11_0_3_MB_FDRE_614\'
INFO: [VRFC 10-3107] analyzing entity '\cpu__microblaze_v11_0_3_MB_FDRE_615\'
INFO: [VRFC 10-3107] analyzing entity '\cpu__microblaze_v11_0_3_MB_FDRE_618\'
INFO: [VRFC 10-3107] analyzing entity '\cpu__microblaze_v11_0_3_MB_FDRE_619\'
INFO: [VRFC 10-3107] analyzing entity '\cpu__microblaze_v11_0_3_MB_FDRE_62\'
INFO: [VRFC 10-3107] analyzing entity '\cpu__microblaze_v11_0_3_MB_FDRE_622\'
INFO: [VRFC 10-3107] analyzing entity '\cpu__microblaze_v11_0_3_MB_FDRE_623\'
INFO: [VRFC 10-3107] analyzing entity '\cpu__microblaze_v11_0_3_MB_FDRE_626\'
INFO: [VRFC 10-3107] analyzing entity '\cpu__microblaze_v11_0_3_MB_FDRE_627\'
INFO: [VRFC 10-3107] analyzing entity '\cpu__microblaze_v11_0_3_MB_FDRE_630\'
INFO: [VRFC 10-3107] analyzing entity '\cpu__microblaze_v11_0_3_MB_FDRE_631\'
INFO: [VRFC 10-3107] analyzing entity '\cpu__microblaze_v11_0_3_MB_FDRE_634\'
INFO: [VRFC 10-3107] analyzing entity '\cpu__microblaze_v11_0_3_MB_FDRE_635\'
INFO: [VRFC 10-3107] analyzing entity '\cpu__microblaze_v11_0_3_MB_FDRE_638\'
INFO: [VRFC 10-3107] analyzing entity '\cpu__microblaze_v11_0_3_MB_FDRE_639\'
INFO: [VRFC 10-3107] analyzing entity '\cpu__microblaze_v11_0_3_MB_FDRE_64\'
INFO: [VRFC 10-3107] analyzing entity '\cpu__microblaze_v11_0_3_MB_FDRE_642\'
INFO: [VRFC 10-3107] analyzing entity '\cpu__microblaze_v11_0_3_MB_FDRE_643\'
INFO: [VRFC 10-3107] analyzing entity '\cpu__microblaze_v11_0_3_MB_FDRE_646\'
INFO: [VRFC 10-3107] analyzing entity '\cpu__microblaze_v11_0_3_MB_FDRE_647\'
INFO: [VRFC 10-3107] analyzing entity '\cpu__microblaze_v11_0_3_MB_FDRE_65\'
INFO: [VRFC 10-3107] analyzing entity '\cpu__microblaze_v11_0_3_MB_FDRE_650\'
INFO: [VRFC 10-3107] analyzing entity '\cpu__microblaze_v11_0_3_MB_FDRE_651\'
INFO: [VRFC 10-3107] analyzing entity '\cpu__microblaze_v11_0_3_MB_FDRE_654\'
INFO: [VRFC 10-3107] analyzing entity '\cpu__microblaze_v11_0_3_MB_FDRE_655\'
INFO: [VRFC 10-3107] analyzing entity '\cpu__microblaze_v11_0_3_MB_FDRE_658\'
INFO: [VRFC 10-3107] analyzing entity '\cpu__microblaze_v11_0_3_MB_FDRE_659\'
INFO: [VRFC 10-3107] analyzing entity '\cpu__microblaze_v11_0_3_MB_FDRE_66\'
INFO: [VRFC 10-3107] analyzing entity '\cpu__microblaze_v11_0_3_MB_FDRE_662\'
INFO: [VRFC 10-3107] analyzing entity '\cpu__microblaze_v11_0_3_MB_FDRE_663\'
INFO: [VRFC 10-3107] analyzing entity '\cpu__microblaze_v11_0_3_MB_FDRE_666\'
INFO: [VRFC 10-3107] analyzing entity '\cpu__microblaze_v11_0_3_MB_FDRE_667\'
INFO: [VRFC 10-3107] analyzing entity '\cpu__microblaze_v11_0_3_MB_FDRE_670\'
INFO: [VRFC 10-3107] analyzing entity '\cpu__microblaze_v11_0_3_MB_FDRE_671\'
INFO: [VRFC 10-3107] analyzing entity '\cpu__microblaze_v11_0_3_MB_FDRE_674\'
INFO: [VRFC 10-3107] analyzing entity '\cpu__microblaze_v11_0_3_MB_FDRE_675\'
INFO: [VRFC 10-3107] analyzing entity '\cpu__microblaze_v11_0_3_MB_FDRE_678\'
INFO: [VRFC 10-3107] analyzing entity '\cpu__microblaze_v11_0_3_MB_FDRE_679\'
INFO: [VRFC 10-3107] analyzing entity '\cpu__microblaze_v11_0_3_MB_FDRE_682\'
INFO: [VRFC 10-3107] analyzing entity '\cpu__microblaze_v11_0_3_MB_FDRE_683\'
INFO: [VRFC 10-3107] analyzing entity '\cpu__microblaze_v11_0_3_MB_FDRE_686\'
INFO: [VRFC 10-3107] analyzing entity '\cpu__microblaze_v11_0_3_MB_FDRE_687\'
INFO: [VRFC 10-3107] analyzing entity '\cpu__microblaze_v11_0_3_MB_FDRE_690\'
INFO: [VRFC 10-3107] analyzing entity '\cpu__microblaze_v11_0_3_MB_FDRE_691\'
INFO: [VRFC 10-3107] analyzing entity '\cpu__microblaze_v11_0_3_MB_FDRE_694\'
INFO: [VRFC 10-3107] analyzing entity '\cpu__microblaze_v11_0_3_MB_FDRE_695\'
INFO: [VRFC 10-3107] analyzing entity '\cpu__microblaze_v11_0_3_MB_FDRE_698\'
INFO: [VRFC 10-3107] analyzing entity '\cpu__microblaze_v11_0_3_MB_FDRE_699\'
INFO: [VRFC 10-3107] analyzing entity '\cpu__microblaze_v11_0_3_MB_FDRE_702\'
INFO: [VRFC 10-3107] analyzing entity '\cpu__microblaze_v11_0_3_MB_FDRE_703\'
INFO: [VRFC 10-3107] analyzing entity '\cpu__microblaze_v11_0_3_MB_FDRE_706\'
INFO: [VRFC 10-3107] analyzing entity '\cpu__microblaze_v11_0_3_MB_FDRE_707\'
INFO: [VRFC 10-3107] analyzing entity '\cpu__microblaze_v11_0_3_MB_FDRE_710\'
INFO: [VRFC 10-3107] analyzing entity '\cpu__microblaze_v11_0_3_MB_FDRE_711\'
INFO: [VRFC 10-3107] analyzing entity '\cpu__microblaze_v11_0_3_MB_FDRE_714\'
INFO: [VRFC 10-3107] analyzing entity '\cpu__microblaze_v11_0_3_MB_FDRE_715\'
INFO: [VRFC 10-3107] analyzing entity '\cpu__microblaze_v11_0_3_MB_FDRE_718\'
INFO: [VRFC 10-3107] analyzing entity '\cpu__microblaze_v11_0_3_MB_FDRE_719\'
INFO: [VRFC 10-3107] analyzing entity '\cpu__microblaze_v11_0_3_MB_FDRE_722\'
INFO: [VRFC 10-3107] analyzing entity '\cpu__microblaze_v11_0_3_MB_FDRE_723\'
INFO: [VRFC 10-3107] analyzing entity '\cpu__microblaze_v11_0_3_MB_FDRE_73\'
INFO: [VRFC 10-3107] analyzing entity '\cpu__microblaze_v11_0_3_MB_FDRE_79\'
INFO: [VRFC 10-3107] analyzing entity '\cpu__microblaze_v11_0_3_MB_FDRE_80\'
INFO: [VRFC 10-3107] analyzing entity '\cpu__microblaze_v11_0_3_MB_FDRSE\'
INFO: [VRFC 10-3107] analyzing entity '\cpu__microblaze_v11_0_3_MB_FDRSE_18\'
INFO: [VRFC 10-3107] analyzing entity '\cpu__microblaze_v11_0_3_MB_FDRSE_19\'
INFO: [VRFC 10-3107] analyzing entity '\cpu__microblaze_v11_0_3_MB_FDRSE_67\'
INFO: [VRFC 10-3107] analyzing entity '\cpu__microblaze_v11_0_3_MB_FDRSE_727\'
INFO: [VRFC 10-3107] analyzing entity '\cpu__microblaze_v11_0_3_MB_FDRSE_728\'
INFO: [VRFC 10-3107] analyzing entity '\cpu__microblaze_v11_0_3_MB_FDRSE_729\'
INFO: [VRFC 10-3107] analyzing entity '\cpu__microblaze_v11_0_3_MB_FDSE\'
INFO: [VRFC 10-3107] analyzing entity '\cpu__microblaze_v11_0_3_MB_FDSE_488\'
INFO: [VRFC 10-3107] analyzing entity '\cpu__microblaze_v11_0_3_MB_FDSE_494\'
INFO: [VRFC 10-3107] analyzing entity '\cpu__microblaze_v11_0_3_MB_FDSE_500\'
INFO: [VRFC 10-3107] analyzing entity '\cpu__microblaze_v11_0_3_MB_FDSE_506\'
INFO: [VRFC 10-3107] analyzing entity '\cpu__microblaze_v11_0_3_MB_FDSE_512\'
INFO: [VRFC 10-3107] analyzing entity '\cpu__microblaze_v11_0_3_MB_FDSE_518\'
INFO: [VRFC 10-3107] analyzing entity '\cpu__microblaze_v11_0_3_MB_FDSE_524\'
INFO: [VRFC 10-3107] analyzing entity '\cpu__microblaze_v11_0_3_MB_FDSE_530\'
INFO: [VRFC 10-3107] analyzing entity '\cpu__microblaze_v11_0_3_MB_FDSE_536\'
INFO: [VRFC 10-3107] analyzing entity '\cpu__microblaze_v11_0_3_MB_FDSE_542\'
INFO: [VRFC 10-3107] analyzing entity '\cpu__microblaze_v11_0_3_MB_FDSE_548\'
INFO: [VRFC 10-3107] analyzing entity '\cpu__microblaze_v11_0_3_MB_FDSE_554\'
INFO: [VRFC 10-3107] analyzing entity '\cpu__microblaze_v11_0_3_MB_FDSE_560\'
INFO: [VRFC 10-3107] analyzing entity '\cpu__microblaze_v11_0_3_MB_FDSE_566\'
INFO: [VRFC 10-3107] analyzing entity '\cpu__microblaze_v11_0_3_MB_FDSE_572\'
INFO: [VRFC 10-3107] analyzing entity '\cpu__microblaze_v11_0_3_MB_LUT3\'
INFO: [VRFC 10-3107] analyzing entity '\cpu__microblaze_v11_0_3_MB_LUT3__parameterized0\'
INFO: [VRFC 10-3107] analyzing entity '\cpu__microblaze_v11_0_3_MB_LUT3__parameterized1\'
INFO: [VRFC 10-3107] analyzing entity '\cpu__microblaze_v11_0_3_MB_LUT3__parameterized1_77\'
INFO: [VRFC 10-3107] analyzing entity '\cpu__microblaze_v11_0_3_MB_LUT3__parameterized2\'
INFO: [VRFC 10-3107] analyzing entity '\cpu__microblaze_v11_0_3_MB_LUT3__parameterized2_82\'
INFO: [VRFC 10-3107] analyzing entity '\cpu__microblaze_v11_0_3_MB_LUT3__parameterized3\'
INFO: [VRFC 10-3107] analyzing entity '\cpu__microblaze_v11_0_3_MB_LUT3__parameterized4\'
INFO: [VRFC 10-3107] analyzing entity '\cpu__microblaze_v11_0_3_MB_LUT6\'
INFO: [VRFC 10-3107] analyzing entity '\cpu__microblaze_v11_0_3_MB_LUT6__parameterized0\'
INFO: [VRFC 10-3107] analyzing entity '\cpu__microblaze_v11_0_3_MB_LUT6__parameterized0_285\'
INFO: [VRFC 10-3107] analyzing entity '\cpu__microblaze_v11_0_3_MB_LUT6__parameterized0_288\'
INFO: [VRFC 10-3107] analyzing entity '\cpu__microblaze_v11_0_3_MB_LUT6__parameterized0_291\'
INFO: [VRFC 10-3107] analyzing entity '\cpu__microblaze_v11_0_3_MB_LUT6__parameterized0_294\'
INFO: [VRFC 10-3107] analyzing entity '\cpu__microblaze_v11_0_3_MB_LUT6__parameterized0_297\'
INFO: [VRFC 10-3107] analyzing entity '\cpu__microblaze_v11_0_3_MB_LUT6__parameterized0_300\'
INFO: [VRFC 10-3107] analyzing entity '\cpu__microblaze_v11_0_3_MB_LUT6__parameterized0_303\'
INFO: [VRFC 10-3107] analyzing entity '\cpu__microblaze_v11_0_3_MB_LUT6__parameterized0_306\'
INFO: [VRFC 10-3107] analyzing entity '\cpu__microblaze_v11_0_3_MB_LUT6__parameterized0_309\'
INFO: [VRFC 10-3107] analyzing entity '\cpu__microblaze_v11_0_3_MB_LUT6__parameterized0_312\'
INFO: [VRFC 10-3107] analyzing entity '\cpu__microblaze_v11_0_3_MB_LUT6__parameterized0_315\'
INFO: [VRFC 10-3107] analyzing entity '\cpu__microblaze_v11_0_3_MB_LUT6__parameterized0_318\'
INFO: [VRFC 10-3107] analyzing entity '\cpu__microblaze_v11_0_3_MB_LUT6__parameterized0_321\'
INFO: [VRFC 10-3107] analyzing entity '\cpu__microblaze_v11_0_3_MB_LUT6__parameterized0_324\'
INFO: [VRFC 10-3107] analyzing entity '\cpu__microblaze_v11_0_3_MB_LUT6__parameterized0_327\'
INFO: [VRFC 10-3107] analyzing entity '\cpu__microblaze_v11_0_3_MB_LUT6__parameterized0_330\'
INFO: [VRFC 10-3107] analyzing entity '\cpu__microblaze_v11_0_3_MB_LUT6__parameterized0_333\'
INFO: [VRFC 10-3107] analyzing entity '\cpu__microblaze_v11_0_3_MB_LUT6__parameterized0_336\'
INFO: [VRFC 10-3107] analyzing entity '\cpu__microblaze_v11_0_3_MB_LUT6__parameterized0_339\'
INFO: [VRFC 10-3107] analyzing entity '\cpu__microblaze_v11_0_3_MB_LUT6__parameterized0_342\'
INFO: [VRFC 10-3107] analyzing entity '\cpu__microblaze_v11_0_3_MB_LUT6__parameterized0_345\'
INFO: [VRFC 10-3107] analyzing entity '\cpu__microblaze_v11_0_3_MB_LUT6__parameterized0_348\'
INFO: [VRFC 10-3107] analyzing entity '\cpu__microblaze_v11_0_3_MB_LUT6__parameterized0_351\'
INFO: [VRFC 10-3107] analyzing entity '\cpu__microblaze_v11_0_3_MB_LUT6__parameterized0_354\'
INFO: [VRFC 10-3107] analyzing entity '\cpu__microblaze_v11_0_3_MB_LUT6__parameterized0_357\'
INFO: [VRFC 10-3107] analyzing entity '\cpu__microblaze_v11_0_3_MB_LUT6__parameterized0_360\'
INFO: [VRFC 10-3107] analyzing entity '\cpu__microblaze_v11_0_3_MB_LUT6__parameterized0_363\'
INFO: [VRFC 10-3107] analyzing entity '\cpu__microblaze_v11_0_3_MB_LUT6__parameterized0_366\'
INFO: [VRFC 10-3107] analyzing entity '\cpu__microblaze_v11_0_3_MB_LUT6__parameterized0_369\'
INFO: [VRFC 10-3107] analyzing entity '\cpu__microblaze_v11_0_3_MB_LUT6__parameterized0_372\'
INFO: [VRFC 10-3107] analyzing entity '\cpu__microblaze_v11_0_3_MB_LUT6__parameterized0_375\'
INFO: [VRFC 10-3107] analyzing entity '\cpu__microblaze_v11_0_3_MB_MULT_AND\'
INFO: [VRFC 10-3107] analyzing entity '\cpu__microblaze_v11_0_3_MB_MULT_AND_822\'
INFO: [VRFC 10-3107] analyzing entity '\cpu__microblaze_v11_0_3_MB_MUXCY\'
INFO: [VRFC 10-3107] analyzing entity '\cpu__microblaze_v11_0_3_MB_MUXCY_123\'
INFO: [VRFC 10-3107] analyzing entity '\cpu__microblaze_v11_0_3_MB_MUXCY_124\'
INFO: [VRFC 10-3107] analyzing entity '\cpu__microblaze_v11_0_3_MB_MUXCY_125\'
INFO: [VRFC 10-3107] analyzing entity '\cpu__microblaze_v11_0_3_MB_MUXCY_126\'
INFO: [VRFC 10-3107] analyzing entity '\cpu__microblaze_v11_0_3_MB_MUXCY_127\'
INFO: [VRFC 10-3107] analyzing entity '\cpu__microblaze_v11_0_3_MB_MUXCY_128\'
INFO: [VRFC 10-3107] analyzing entity '\cpu__microblaze_v11_0_3_MB_MUXCY_129\'
INFO: [VRFC 10-3107] analyzing entity '\cpu__microblaze_v11_0_3_MB_MUXCY_34\'
INFO: [VRFC 10-3107] analyzing entity '\cpu__microblaze_v11_0_3_MB_MUXCY_36\'
INFO: [VRFC 10-3107] analyzing entity '\cpu__microblaze_v11_0_3_MB_MUXCY_38\'
INFO: [VRFC 10-3107] analyzing entity '\cpu__microblaze_v11_0_3_MB_MUXCY_40\'
INFO: [VRFC 10-3107] analyzing entity '\cpu__microblaze_v11_0_3_MB_MUXCY_42\'
INFO: [VRFC 10-3107] analyzing entity '\cpu__microblaze_v11_0_3_MB_MUXCY_44\'
INFO: [VRFC 10-3107] analyzing entity '\cpu__microblaze_v11_0_3_MB_MUXCY_46\'
INFO: [VRFC 10-3107] analyzing entity '\cpu__microblaze_v11_0_3_MB_MUXCY_48\'
INFO: [VRFC 10-3107] analyzing entity '\cpu__microblaze_v11_0_3_MB_MUXCY_60\'
INFO: [VRFC 10-3107] analyzing entity '\cpu__microblaze_v11_0_3_MB_MUXCY_63\'
INFO: [VRFC 10-3107] analyzing entity '\cpu__microblaze_v11_0_3_MB_MUXCY_68\'
INFO: [VRFC 10-3107] analyzing entity '\cpu__microblaze_v11_0_3_MB_MUXCY_69\'
INFO: [VRFC 10-3107] analyzing entity '\cpu__microblaze_v11_0_3_MB_MUXCY_70\'
INFO: [VRFC 10-3107] analyzing entity '\cpu__microblaze_v11_0_3_MB_MUXCY_71\'
INFO: [VRFC 10-3107] analyzing entity '\cpu__microblaze_v11_0_3_MB_MUXCY_72\'
INFO: [VRFC 10-3107] analyzing entity '\cpu__microblaze_v11_0_3_MB_MUXCY_730\'
INFO: [VRFC 10-3107] analyzing entity '\cpu__microblaze_v11_0_3_MB_MUXCY_81\'
INFO: [VRFC 10-3107] analyzing entity '\cpu__microblaze_v11_0_3_MB_MUXCY_824\'
INFO: [VRFC 10-3107] analyzing entity '\cpu__microblaze_v11_0_3_MB_MUXCY_84\'
INFO: [VRFC 10-3107] analyzing entity '\cpu__microblaze_v11_0_3_MB_MUXCY_85\'
INFO: [VRFC 10-3107] analyzing entity '\cpu__microblaze_v11_0_3_MB_MUXCY_86\'
INFO: [VRFC 10-3107] analyzing entity '\cpu__microblaze_v11_0_3_MB_MUXCY_87\'
INFO: [VRFC 10-3107] analyzing entity '\cpu__microblaze_v11_0_3_MB_MUXCY_XORCY\'
INFO: [VRFC 10-3107] analyzing entity '\cpu__microblaze_v11_0_3_MB_MUXCY_XORCY_486\'
INFO: [VRFC 10-3107] analyzing entity '\cpu__microblaze_v11_0_3_MB_MUXCY_XORCY_489\'
INFO: [VRFC 10-3107] analyzing entity '\cpu__microblaze_v11_0_3_MB_MUXCY_XORCY_495\'
INFO: [VRFC 10-3107] analyzing entity '\cpu__microblaze_v11_0_3_MB_MUXCY_XORCY_501\'
INFO: [VRFC 10-3107] analyzing entity '\cpu__microblaze_v11_0_3_MB_MUXCY_XORCY_507\'
INFO: [VRFC 10-3107] analyzing entity '\cpu__microblaze_v11_0_3_MB_MUXCY_XORCY_513\'
INFO: [VRFC 10-3107] analyzing entity '\cpu__microblaze_v11_0_3_MB_MUXCY_XORCY_519\'
INFO: [VRFC 10-3107] analyzing entity '\cpu__microblaze_v11_0_3_MB_MUXCY_XORCY_525\'
INFO: [VRFC 10-3107] analyzing entity '\cpu__microblaze_v11_0_3_MB_MUXCY_XORCY_531\'
INFO: [VRFC 10-3107] analyzing entity '\cpu__microblaze_v11_0_3_MB_MUXCY_XORCY_537\'
INFO: [VRFC 10-3107] analyzing entity '\cpu__microblaze_v11_0_3_MB_MUXCY_XORCY_543\'
INFO: [VRFC 10-3107] analyzing entity '\cpu__microblaze_v11_0_3_MB_MUXCY_XORCY_549\'
INFO: [VRFC 10-3107] analyzing entity '\cpu__microblaze_v11_0_3_MB_MUXCY_XORCY_555\'
INFO: [VRFC 10-3107] analyzing entity '\cpu__microblaze_v11_0_3_MB_MUXCY_XORCY_561\'
INFO: [VRFC 10-3107] analyzing entity '\cpu__microblaze_v11_0_3_MB_MUXCY_XORCY_567\'
INFO: [VRFC 10-3107] analyzing entity '\cpu__microblaze_v11_0_3_MB_MUXCY_XORCY_761\'
INFO: [VRFC 10-3107] analyzing entity '\cpu__microblaze_v11_0_3_MB_MUXCY_XORCY_763\'
INFO: [VRFC 10-3107] analyzing entity '\cpu__microblaze_v11_0_3_MB_MUXCY_XORCY_765\'
INFO: [VRFC 10-3107] analyzing entity '\cpu__microblaze_v11_0_3_MB_MUXCY_XORCY_767\'
INFO: [VRFC 10-3107] analyzing entity '\cpu__microblaze_v11_0_3_MB_MUXCY_XORCY_769\'
INFO: [VRFC 10-3107] analyzing entity '\cpu__microblaze_v11_0_3_MB_MUXCY_XORCY_771\'
INFO: [VRFC 10-3107] analyzing entity '\cpu__microblaze_v11_0_3_MB_MUXCY_XORCY_773\'
INFO: [VRFC 10-3107] analyzing entity '\cpu__microblaze_v11_0_3_MB_MUXCY_XORCY_775\'
INFO: [VRFC 10-3107] analyzing entity '\cpu__microblaze_v11_0_3_MB_MUXCY_XORCY_777\'
INFO: [VRFC 10-3107] analyzing entity '\cpu__microblaze_v11_0_3_MB_MUXCY_XORCY_779\'
INFO: [VRFC 10-3107] analyzing entity '\cpu__microblaze_v11_0_3_MB_MUXCY_XORCY_781\'
INFO: [VRFC 10-3107] analyzing entity '\cpu__microblaze_v11_0_3_MB_MUXCY_XORCY_783\'
INFO: [VRFC 10-3107] analyzing entity '\cpu__microblaze_v11_0_3_MB_MUXCY_XORCY_785\'
INFO: [VRFC 10-3107] analyzing entity '\cpu__microblaze_v11_0_3_MB_MUXCY_XORCY_787\'
INFO: [VRFC 10-3107] analyzing entity '\cpu__microblaze_v11_0_3_MB_MUXCY_XORCY_789\'
INFO: [VRFC 10-3107] analyzing entity '\cpu__microblaze_v11_0_3_MB_MUXCY_XORCY_791\'
INFO: [VRFC 10-3107] analyzing entity '\cpu__microblaze_v11_0_3_MB_MUXCY_XORCY_793\'
INFO: [VRFC 10-3107] analyzing entity '\cpu__microblaze_v11_0_3_MB_MUXCY_XORCY_795\'
INFO: [VRFC 10-3107] analyzing entity '\cpu__microblaze_v11_0_3_MB_MUXCY_XORCY_797\'
INFO: [VRFC 10-3107] analyzing entity '\cpu__microblaze_v11_0_3_MB_MUXCY_XORCY_799\'
INFO: [VRFC 10-3107] analyzing entity '\cpu__microblaze_v11_0_3_MB_MUXCY_XORCY_801\'
INFO: [VRFC 10-3107] analyzing entity '\cpu__microblaze_v11_0_3_MB_MUXCY_XORCY_803\'
INFO: [VRFC 10-3107] analyzing entity '\cpu__microblaze_v11_0_3_MB_MUXCY_XORCY_805\'
INFO: [VRFC 10-3107] analyzing entity '\cpu__microblaze_v11_0_3_MB_MUXCY_XORCY_807\'
INFO: [VRFC 10-3107] analyzing entity '\cpu__microblaze_v11_0_3_MB_MUXCY_XORCY_809\'
INFO: [VRFC 10-3107] analyzing entity '\cpu__microblaze_v11_0_3_MB_MUXCY_XORCY_811\'
INFO: [VRFC 10-3107] analyzing entity '\cpu__microblaze_v11_0_3_MB_MUXCY_XORCY_813\'
INFO: [VRFC 10-3107] analyzing entity '\cpu__microblaze_v11_0_3_MB_MUXCY_XORCY_815\'
INFO: [VRFC 10-3107] analyzing entity '\cpu__microblaze_v11_0_3_MB_MUXCY_XORCY_817\'
INFO: [VRFC 10-3107] analyzing entity '\cpu__microblaze_v11_0_3_MB_MUXCY_XORCY_819\'
INFO: [VRFC 10-3107] analyzing entity '\cpu__microblaze_v11_0_3_MB_MUXCY_XORCY_821\'
INFO: [VRFC 10-3107] analyzing entity '\cpu__microblaze_v11_0_3_MB_MUXCY_XORCY_823\'
INFO: [VRFC 10-3107] analyzing entity '\cpu__microblaze_v11_0_3_MB_MUXCY_XORCY_89\'
INFO: [VRFC 10-3107] analyzing entity '\cpu__microblaze_v11_0_3_MB_MUXCY_XORCY_91\'
INFO: [VRFC 10-3107] analyzing entity '\cpu__microblaze_v11_0_3_MB_MUXF7\'
INFO: [VRFC 10-3107] analyzing entity '\cpu__microblaze_v11_0_3_MB_MUXF7_163\'
INFO: [VRFC 10-3107] analyzing entity '\cpu__microblaze_v11_0_3_MB_MUXF7_166\'
INFO: [VRFC 10-3107] analyzing entity '\cpu__microblaze_v11_0_3_MB_MUXF7_169\'
INFO: [VRFC 10-3107] analyzing entity '\cpu__microblaze_v11_0_3_MB_MUXF7_172\'
INFO: [VRFC 10-3107] analyzing entity '\cpu__microblaze_v11_0_3_MB_MUXF7_175\'
INFO: [VRFC 10-3107] analyzing entity '\cpu__microblaze_v11_0_3_MB_MUXF7_178\'
INFO: [VRFC 10-3107] analyzing entity '\cpu__microblaze_v11_0_3_MB_MUXF7_181\'
INFO: [VRFC 10-3107] analyzing entity '\cpu__microblaze_v11_0_3_MB_MUXF7_184\'
INFO: [VRFC 10-3107] analyzing entity '\cpu__microblaze_v11_0_3_MB_MUXF7_187\'
INFO: [VRFC 10-3107] analyzing entity '\cpu__microblaze_v11_0_3_MB_MUXF7_190\'
INFO: [VRFC 10-3107] analyzing entity '\cpu__microblaze_v11_0_3_MB_MUXF7_193\'
INFO: [VRFC 10-3107] analyzing entity '\cpu__microblaze_v11_0_3_MB_MUXF7_196\'
INFO: [VRFC 10-3107] analyzing entity '\cpu__microblaze_v11_0_3_MB_MUXF7_199\'
INFO: [VRFC 10-3107] analyzing entity '\cpu__microblaze_v11_0_3_MB_MUXF7_202\'
INFO: [VRFC 10-3107] analyzing entity '\cpu__microblaze_v11_0_3_MB_MUXF7_205\'
INFO: [VRFC 10-3107] analyzing entity '\cpu__microblaze_v11_0_3_MB_MUXF7_208\'
INFO: [VRFC 10-3107] analyzing entity '\cpu__microblaze_v11_0_3_MB_MUXF7_211\'
INFO: [VRFC 10-3107] analyzing entity '\cpu__microblaze_v11_0_3_MB_MUXF7_214\'
INFO: [VRFC 10-3107] analyzing entity '\cpu__microblaze_v11_0_3_MB_MUXF7_217\'
INFO: [VRFC 10-3107] analyzing entity '\cpu__microblaze_v11_0_3_MB_MUXF7_220\'
INFO: [VRFC 10-3107] analyzing entity '\cpu__microblaze_v11_0_3_MB_MUXF7_223\'
INFO: [VRFC 10-3107] analyzing entity '\cpu__microblaze_v11_0_3_MB_MUXF7_226\'
INFO: [VRFC 10-3107] analyzing entity '\cpu__microblaze_v11_0_3_MB_MUXF7_229\'
INFO: [VRFC 10-3107] analyzing entity '\cpu__microblaze_v11_0_3_MB_MUXF7_232\'
INFO: [VRFC 10-3107] analyzing entity '\cpu__microblaze_v11_0_3_MB_MUXF7_235\'
INFO: [VRFC 10-3107] analyzing entity '\cpu__microblaze_v11_0_3_MB_MUXF7_238\'
INFO: [VRFC 10-3107] analyzing entity '\cpu__microblaze_v11_0_3_MB_MUXF7_241\'
INFO: [VRFC 10-3107] analyzing entity '\cpu__microblaze_v11_0_3_MB_MUXF7_244\'
INFO: [VRFC 10-3107] analyzing entity '\cpu__microblaze_v11_0_3_MB_MUXF7_247\'
INFO: [VRFC 10-3107] analyzing entity '\cpu__microblaze_v11_0_3_MB_MUXF7_250\'
INFO: [VRFC 10-3107] analyzing entity '\cpu__microblaze_v11_0_3_MB_MUXF7_253\'
INFO: [VRFC 10-3107] analyzing entity '\cpu__microblaze_v11_0_3_MB_SRL16E\'
INFO: [VRFC 10-3107] analyzing entity '\cpu__microblaze_v11_0_3_MB_SRL16E_100\'
INFO: [VRFC 10-3107] analyzing entity '\cpu__microblaze_v11_0_3_MB_SRL16E_101\'
INFO: [VRFC 10-3107] analyzing entity '\cpu__microblaze_v11_0_3_MB_SRL16E_102\'
INFO: [VRFC 10-3107] analyzing entity '\cpu__microblaze_v11_0_3_MB_SRL16E_103\'
INFO: [VRFC 10-3107] analyzing entity '\cpu__microblaze_v11_0_3_MB_SRL16E_104\'
INFO: [VRFC 10-3107] analyzing entity '\cpu__microblaze_v11_0_3_MB_SRL16E_105\'
INFO: [VRFC 10-3107] analyzing entity '\cpu__microblaze_v11_0_3_MB_SRL16E_106\'
INFO: [VRFC 10-3107] analyzing entity '\cpu__microblaze_v11_0_3_MB_SRL16E_107\'
INFO: [VRFC 10-3107] analyzing entity '\cpu__microblaze_v11_0_3_MB_SRL16E_108\'
INFO: [VRFC 10-3107] analyzing entity '\cpu__microblaze_v11_0_3_MB_SRL16E_109\'
INFO: [VRFC 10-3107] analyzing entity '\cpu__microblaze_v11_0_3_MB_SRL16E_110\'
INFO: [VRFC 10-3107] analyzing entity '\cpu__microblaze_v11_0_3_MB_SRL16E_111\'
INFO: [VRFC 10-3107] analyzing entity '\cpu__microblaze_v11_0_3_MB_SRL16E_112\'
INFO: [VRFC 10-3107] analyzing entity '\cpu__microblaze_v11_0_3_MB_SRL16E_113\'
INFO: [VRFC 10-3107] analyzing entity '\cpu__microblaze_v11_0_3_MB_SRL16E_114\'
INFO: [VRFC 10-3107] analyzing entity '\cpu__microblaze_v11_0_3_MB_SRL16E_115\'
INFO: [VRFC 10-3107] analyzing entity '\cpu__microblaze_v11_0_3_MB_SRL16E_116\'
INFO: [VRFC 10-3107] analyzing entity '\cpu__microblaze_v11_0_3_MB_SRL16E_117\'
INFO: [VRFC 10-3107] analyzing entity '\cpu__microblaze_v11_0_3_MB_SRL16E_118\'
INFO: [VRFC 10-3107] analyzing entity '\cpu__microblaze_v11_0_3_MB_SRL16E_119\'
INFO: [VRFC 10-3107] analyzing entity '\cpu__microblaze_v11_0_3_MB_SRL16E_120\'
INFO: [VRFC 10-3107] analyzing entity '\cpu__microblaze_v11_0_3_MB_SRL16E_121\'
INFO: [VRFC 10-3107] analyzing entity '\cpu__microblaze_v11_0_3_MB_SRL16E_122\'
INFO: [VRFC 10-3107] analyzing entity '\cpu__microblaze_v11_0_3_MB_SRL16E_487\'
INFO: [VRFC 10-3107] analyzing entity '\cpu__microblaze_v11_0_3_MB_SRL16E_492\'
INFO: [VRFC 10-3107] analyzing entity '\cpu__microblaze_v11_0_3_MB_SRL16E_498\'
INFO: [VRFC 10-3107] analyzing entity '\cpu__microblaze_v11_0_3_MB_SRL16E_504\'
INFO: [VRFC 10-3107] analyzing entity '\cpu__microblaze_v11_0_3_MB_SRL16E_510\'
INFO: [VRFC 10-3107] analyzing entity '\cpu__microblaze_v11_0_3_MB_SRL16E_516\'
INFO: [VRFC 10-3107] analyzing entity '\cpu__microblaze_v11_0_3_MB_SRL16E_522\'
INFO: [VRFC 10-3107] analyzing entity '\cpu__microblaze_v11_0_3_MB_SRL16E_528\'
INFO: [VRFC 10-3107] analyzing entity '\cpu__microblaze_v11_0_3_MB_SRL16E_534\'
INFO: [VRFC 10-3107] analyzing entity '\cpu__microblaze_v11_0_3_MB_SRL16E_540\'
INFO: [VRFC 10-3107] analyzing entity '\cpu__microblaze_v11_0_3_MB_SRL16E_546\'
INFO: [VRFC 10-3107] analyzing entity '\cpu__microblaze_v11_0_3_MB_SRL16E_552\'
INFO: [VRFC 10-3107] analyzing entity '\cpu__microblaze_v11_0_3_MB_SRL16E_558\'
INFO: [VRFC 10-3107] analyzing entity '\cpu__microblaze_v11_0_3_MB_SRL16E_564\'
INFO: [VRFC 10-3107] analyzing entity '\cpu__microblaze_v11_0_3_MB_SRL16E_570\'
INFO: [VRFC 10-3107] analyzing entity '\cpu__microblaze_v11_0_3_MB_SRL16E_92\'
INFO: [VRFC 10-3107] analyzing entity '\cpu__microblaze_v11_0_3_MB_SRL16E_93\'
INFO: [VRFC 10-3107] analyzing entity '\cpu__microblaze_v11_0_3_MB_SRL16E_94\'
INFO: [VRFC 10-3107] analyzing entity '\cpu__microblaze_v11_0_3_MB_SRL16E_95\'
INFO: [VRFC 10-3107] analyzing entity '\cpu__microblaze_v11_0_3_MB_SRL16E_96\'
INFO: [VRFC 10-3107] analyzing entity '\cpu__microblaze_v11_0_3_MB_SRL16E_97\'
INFO: [VRFC 10-3107] analyzing entity '\cpu__microblaze_v11_0_3_MB_SRL16E_98\'
INFO: [VRFC 10-3107] analyzing entity '\cpu__microblaze_v11_0_3_MB_SRL16E_99\'
INFO: [VRFC 10-3107] analyzing entity '\cpu__microblaze_v11_0_3_MB_SRL16E__parameterized0\'
INFO: [VRFC 10-3107] analyzing entity '\cpu__microblaze_v11_0_3_MB_SRL16E__parameterized1\'
INFO: [VRFC 10-3107] analyzing entity '\cpu__microblaze_v11_0_3_MB_SRL16E__parameterized1_20\'
INFO: [VRFC 10-3107] analyzing entity '\cpu__microblaze_v11_0_3_MB_SRL16E__parameterized1_21\'
INFO: [VRFC 10-3107] analyzing entity '\cpu__microblaze_v11_0_3_MB_SRL16E__parameterized1_22\'
INFO: [VRFC 10-3107] analyzing entity '\cpu__microblaze_v11_0_3_MB_SRL16E__parameterized1_23\'
INFO: [VRFC 10-3107] analyzing entity '\cpu__microblaze_v11_0_3_MB_SRL16E__parameterized1_26\'
INFO: [VRFC 10-3107] analyzing entity '\cpu__microblaze_v11_0_3_MB_SRL16E__parameterized1_27\'
INFO: [VRFC 10-3107] analyzing entity '\cpu__microblaze_v11_0_3_MB_SRL16E__parameterized2\'
INFO: [VRFC 10-3107] analyzing entity '\cpu__microblaze_v11_0_3_MB_SRL16E__parameterized2_24\'
INFO: [VRFC 10-3107] analyzing entity '\cpu__microblaze_v11_0_3_MB_SRL16E__parameterized3\'
INFO: [VRFC 10-3107] analyzing entity '\cpu__microblaze_v11_0_3_MB_SRL16E__parameterized3_25\'
INFO: [VRFC 10-3107] analyzing entity '\cpu__microblaze_v11_0_3_MB_SRL16E__parameterized4\'
INFO: [VRFC 10-3107] analyzing entity '\cpu__microblaze_v11_0_3_MB_SRL16E__parameterized5\'
INFO: [VRFC 10-3107] analyzing entity '\cpu__microblaze_v11_0_3_mb_sync_bit\'
INFO: [VRFC 10-3107] analyzing entity '\cpu__microblaze_v11_0_3_mb_sync_bit_1\'
INFO: [VRFC 10-3107] analyzing entity '\cpu__microblaze_v11_0_3_mb_sync_bit_2\'
INFO: [VRFC 10-3107] analyzing entity '\cpu__microblaze_v11_0_3_mb_sync_bit_49\'
INFO: [VRFC 10-3107] analyzing entity '\cpu__microblaze_v11_0_3_mb_sync_bit_50\'
INFO: [VRFC 10-3107] analyzing entity '\cpu__microblaze_v11_0_3_mb_sync_bit_51\'
INFO: [VRFC 10-3107] analyzing entity '\cpu__microblaze_v11_0_3_mb_sync_bit_52\'
INFO: [VRFC 10-3107] analyzing entity '\cpu__microblaze_v11_0_3_mb_sync_bit_53\'
INFO: [VRFC 10-3107] analyzing entity '\cpu__microblaze_v11_0_3_mb_sync_bit_54\'
INFO: [VRFC 10-3107] analyzing entity '\cpu__microblaze_v11_0_3_mb_sync_bit_55\'
INFO: [VRFC 10-3107] analyzing entity '\cpu__microblaze_v11_0_3_mb_sync_bit_56\'
INFO: [VRFC 10-3107] analyzing entity '\cpu__microblaze_v11_0_3_mb_sync_bit_57\'
INFO: [VRFC 10-3107] analyzing entity '\cpu__microblaze_v11_0_3_mb_sync_bit_58\'
INFO: [VRFC 10-3107] analyzing entity '\cpu__microblaze_v11_0_3_mb_sync_bit__parameterized0\'
INFO: [VRFC 10-3107] analyzing entity '\cpu__microblaze_v11_0_3_mb_sync_bit__parameterized0_28\'
INFO: [VRFC 10-3107] analyzing entity '\cpu__microblaze_v11_0_3_mb_sync_bit__parameterized0_29\'
INFO: [VRFC 10-3107] analyzing entity '\cpu__microblaze_v11_0_3_mb_sync_bit__parameterized0_30\'
INFO: [VRFC 10-3107] analyzing entity '\cpu__microblaze_v11_0_3_mb_sync_bit__parameterized0_31\'
INFO: [VRFC 10-3107] analyzing entity '\cpu__microblaze_v11_0_3_mb_sync_bit__parameterized0_59\'
INFO: [VRFC 10-3107] analyzing entity '\cpu__microblaze_v11_0_3_mb_sync_bit__parameterized1\'
INFO: [VRFC 10-3107] analyzing entity '\cpu__microblaze_v11_0_3_mb_sync_bit__parameterized1_32\'
INFO: [VRFC 10-3107] analyzing entity '\cpu__microblaze_v11_0_3_mb_sync_bit__parameterized1_33\'
INFO: [VRFC 10-3107] analyzing entity 'chu_adsr_core'
INFO: [VRFC 10-3107] analyzing entity 'chu_ddfs_core'
INFO: [VRFC 10-3107] analyzing entity 'chu_debounce_core'
INFO: [VRFC 10-3107] analyzing entity 'chu_i2c_core'
INFO: [VRFC 10-3107] analyzing entity 'chu_led_mux_core'
INFO: [VRFC 10-3107] analyzing entity 'chu_spi_core'
INFO: [VRFC 10-3107] analyzing entity 'chu_xadc_basys3_core'
INFO: [VRFC 10-3107] analyzing entity '\cpu__JTAG_CONTROL\'
INFO: [VRFC 10-3107] analyzing entity '\cpu__bd_3914_dlmb_0\'
INFO: [VRFC 10-3107] analyzing entity '\cpu__bd_3914_dlmb_cntlr_0\'
INFO: [VRFC 10-3107] analyzing entity '\cpu__bd_3914_ilmb_0\'
INFO: [VRFC 10-3107] analyzing entity '\cpu__bd_3914_ilmb_cntlr_0\'
INFO: [VRFC 10-3107] analyzing entity '\cpu__bd_3914_iomodule_0_0\'
INFO: [VRFC 10-3107] analyzing entity '\cpu__lpf\'
INFO: [VRFC 10-3107] analyzing entity '\cpu__sequence_psr\'
INFO: [VRFC 10-3107] analyzing entity 'fifo'
INFO: [VRFC 10-3107] analyzing entity 'fifo_0'
INFO: [VRFC 10-3107] analyzing entity 'fifo_3'
INFO: [VRFC 10-3107] analyzing entity '\cpu__ALU_Bit\'
INFO: [VRFC 10-3107] analyzing entity '\cpu__ALU_Bit_731\'
INFO: [VRFC 10-3107] analyzing entity '\cpu__ALU_Bit_732\'
INFO: [VRFC 10-3107] analyzing entity '\cpu__ALU_Bit_733\'
INFO: [VRFC 10-3107] analyzing entity '\cpu__ALU_Bit_734\'
INFO: [VRFC 10-3107] analyzing entity '\cpu__ALU_Bit_735\'
INFO: [VRFC 10-3107] analyzing entity '\cpu__ALU_Bit_736\'
INFO: [VRFC 10-3107] analyzing entity '\cpu__ALU_Bit_737\'
INFO: [VRFC 10-3107] analyzing entity '\cpu__ALU_Bit_738\'
INFO: [VRFC 10-3107] analyzing entity '\cpu__ALU_Bit_739\'
INFO: [VRFC 10-3107] analyzing entity '\cpu__ALU_Bit_740\'
INFO: [VRFC 10-3107] analyzing entity '\cpu__ALU_Bit_741\'
INFO: [VRFC 10-3107] analyzing entity '\cpu__ALU_Bit_742\'
INFO: [VRFC 10-3107] analyzing entity '\cpu__ALU_Bit_743\'
INFO: [VRFC 10-3107] analyzing entity '\cpu__ALU_Bit_744\'
INFO: [VRFC 10-3107] analyzing entity '\cpu__ALU_Bit_745\'
INFO: [VRFC 10-3107] analyzing entity '\cpu__ALU_Bit_746\'
INFO: [VRFC 10-3107] analyzing entity '\cpu__ALU_Bit_747\'
INFO: [VRFC 10-3107] analyzing entity '\cpu__ALU_Bit_748\'
INFO: [VRFC 10-3107] analyzing entity '\cpu__ALU_Bit_749\'
INFO: [VRFC 10-3107] analyzing entity '\cpu__ALU_Bit_750\'
INFO: [VRFC 10-3107] analyzing entity '\cpu__ALU_Bit_751\'
INFO: [VRFC 10-3107] analyzing entity '\cpu__ALU_Bit_752\'
INFO: [VRFC 10-3107] analyzing entity '\cpu__ALU_Bit_753\'
INFO: [VRFC 10-3107] analyzing entity '\cpu__ALU_Bit_754\'
INFO: [VRFC 10-3107] analyzing entity '\cpu__ALU_Bit_755\'
INFO: [VRFC 10-3107] analyzing entity '\cpu__ALU_Bit_756\'
INFO: [VRFC 10-3107] analyzing entity '\cpu__ALU_Bit_757\'
INFO: [VRFC 10-3107] analyzing entity '\cpu__ALU_Bit_758\'
INFO: [VRFC 10-3107] analyzing entity '\cpu__ALU_Bit_759\'
INFO: [VRFC 10-3107] analyzing entity '\cpu__ALU_Bit_760\'
INFO: [VRFC 10-3107] analyzing entity '\cpu__ALU_Bit__parameterized2\'
INFO: [VRFC 10-3107] analyzing entity '\cpu__MSR_Reg_Bit\'
INFO: [VRFC 10-3107] analyzing entity '\cpu__MSR_Reg_Bit_725\'
INFO: [VRFC 10-3107] analyzing entity '\cpu__MSR_Reg_Bit_726\'
INFO: [VRFC 10-3107] analyzing entity '\cpu__Operand_Select_Bit\'
INFO: [VRFC 10-3107] analyzing entity '\cpu__Operand_Select_Bit_586\'
INFO: [VRFC 10-3107] analyzing entity '\cpu__Operand_Select_Bit_587\'
INFO: [VRFC 10-3107] analyzing entity '\cpu__Operand_Select_Bit_589\'
INFO: [VRFC 10-3107] analyzing entity '\cpu__Operand_Select_Bit_590\'
INFO: [VRFC 10-3107] analyzing entity '\cpu__Operand_Select_Bit__parameterized10\'
INFO: [VRFC 10-3107] analyzing entity '\cpu__Operand_Select_Bit__parameterized10_573\'
INFO: [VRFC 10-3107] analyzing entity '\cpu__Operand_Select_Bit__parameterized10_574\'
INFO: [VRFC 10-3107] analyzing entity '\cpu__Operand_Select_Bit__parameterized10_575\'
INFO: [VRFC 10-3107] analyzing entity '\cpu__Operand_Select_Bit__parameterized10_576\'
INFO: [VRFC 10-3107] analyzing entity '\cpu__Operand_Select_Bit__parameterized10_577\'
INFO: [VRFC 10-3107] analyzing entity '\cpu__Operand_Select_Bit__parameterized10_581\'
INFO: [VRFC 10-3107] analyzing entity '\cpu__Operand_Select_Bit__parameterized10_588\'
INFO: [VRFC 10-3107] analyzing entity '\cpu__Operand_Select_Bit__parameterized10_591\'
INFO: [VRFC 10-3107] analyzing entity '\cpu__Operand_Select_Bit__parameterized10_592\'
INFO: [VRFC 10-3107] analyzing entity '\cpu__Operand_Select_Bit__parameterized10_593\'
INFO: [VRFC 10-3107] analyzing entity '\cpu__Operand_Select_Bit__parameterized10_594\'
INFO: [VRFC 10-3107] analyzing entity '\cpu__Operand_Select_Bit__parameterized10_595\'
INFO: [VRFC 10-3107] analyzing entity '\cpu__Operand_Select_Bit__parameterized10_596\'
INFO: [VRFC 10-3107] analyzing entity '\cpu__Operand_Select_Bit__parameterized10_597\'
INFO: [VRFC 10-3107] analyzing entity '\cpu__Operand_Select_Bit__parameterized12\'
INFO: [VRFC 10-3107] analyzing entity '\cpu__Operand_Select_Bit__parameterized2\'
INFO: [VRFC 10-3107] analyzing entity '\cpu__Operand_Select_Bit__parameterized4\'
INFO: [VRFC 10-3107] analyzing entity '\cpu__Operand_Select_Bit__parameterized6\'
INFO: [VRFC 10-3107] analyzing entity '\cpu__Operand_Select_Bit__parameterized8\'
INFO: [VRFC 10-3107] analyzing entity '\cpu__Operand_Select_Bit__parameterized8_578\'
INFO: [VRFC 10-3107] analyzing entity '\cpu__Operand_Select_Bit__parameterized8_579\'
INFO: [VRFC 10-3107] analyzing entity '\cpu__Operand_Select_Bit__parameterized8_580\'
INFO: [VRFC 10-3107] analyzing entity '\cpu__Operand_Select_Bit__parameterized8_582\'
INFO: [VRFC 10-3107] analyzing entity '\cpu__Operand_Select_Bit__parameterized8_583\'
INFO: [VRFC 10-3107] analyzing entity '\cpu__Operand_Select_Bit__parameterized8_584\'
INFO: [VRFC 10-3107] analyzing entity '\cpu__Operand_Select_Bit__parameterized8_585\'
INFO: [VRFC 10-3107] analyzing entity '\cpu__PC_Bit\'
INFO: [VRFC 10-3107] analyzing entity '\cpu__PC_Bit_472\'
INFO: [VRFC 10-3107] analyzing entity '\cpu__PC_Bit_473\'
INFO: [VRFC 10-3107] analyzing entity '\cpu__PC_Bit_474\'
INFO: [VRFC 10-3107] analyzing entity '\cpu__PC_Bit_475\'
INFO: [VRFC 10-3107] analyzing entity '\cpu__PC_Bit_476\'
INFO: [VRFC 10-3107] analyzing entity '\cpu__PC_Bit_477\'
INFO: [VRFC 10-3107] analyzing entity '\cpu__PC_Bit_478\'
INFO: [VRFC 10-3107] analyzing entity '\cpu__PC_Bit_479\'
INFO: [VRFC 10-3107] analyzing entity '\cpu__PC_Bit_480\'
INFO: [VRFC 10-3107] analyzing entity '\cpu__PC_Bit_481\'
INFO: [VRFC 10-3107] analyzing entity '\cpu__PC_Bit_482\'
INFO: [VRFC 10-3107] analyzing entity '\cpu__PC_Bit_483\'
INFO: [VRFC 10-3107] analyzing entity '\cpu__PC_Bit_484\'
INFO: [VRFC 10-3107] analyzing entity '\cpu__PC_Bit_485\'
INFO: [VRFC 10-3107] analyzing entity '\cpu__PreFetch_Buffer\'
INFO: [VRFC 10-3107] analyzing entity '\cpu__Register_File_Bit\'
INFO: [VRFC 10-3107] analyzing entity '\cpu__Register_File_Bit_378\'
INFO: [VRFC 10-3107] analyzing entity '\cpu__Register_File_Bit_379\'
INFO: [VRFC 10-3107] analyzing entity '\cpu__Register_File_Bit_380\'
INFO: [VRFC 10-3107] analyzing entity '\cpu__Register_File_Bit_381\'
INFO: [VRFC 10-3107] analyzing entity '\cpu__Register_File_Bit_382\'
INFO: [VRFC 10-3107] analyzing entity '\cpu__Register_File_Bit_383\'
INFO: [VRFC 10-3107] analyzing entity '\cpu__Register_File_Bit_384\'
INFO: [VRFC 10-3107] analyzing entity '\cpu__Register_File_Bit_385\'
INFO: [VRFC 10-3107] analyzing entity '\cpu__Register_File_Bit_386\'
INFO: [VRFC 10-3107] analyzing entity '\cpu__Register_File_Bit_387\'
INFO: [VRFC 10-3107] analyzing entity '\cpu__Register_File_Bit_388\'
INFO: [VRFC 10-3107] analyzing entity '\cpu__Register_File_Bit_389\'
INFO: [VRFC 10-3107] analyzing entity '\cpu__Register_File_Bit_390\'
INFO: [VRFC 10-3107] analyzing entity '\cpu__Register_File_Bit_391\'
INFO: [VRFC 10-3107] analyzing entity '\cpu__Register_File_Bit_392\'
INFO: [VRFC 10-3107] analyzing entity '\cpu__Register_File_Bit_393\'
INFO: [VRFC 10-3107] analyzing entity '\cpu__Register_File_Bit_394\'
INFO: [VRFC 10-3107] analyzing entity '\cpu__Register_File_Bit_395\'
INFO: [VRFC 10-3107] analyzing entity '\cpu__Register_File_Bit_396\'
INFO: [VRFC 10-3107] analyzing entity '\cpu__Register_File_Bit_397\'
INFO: [VRFC 10-3107] analyzing entity '\cpu__Register_File_Bit_398\'
INFO: [VRFC 10-3107] analyzing entity '\cpu__Register_File_Bit_399\'
INFO: [VRFC 10-3107] analyzing entity '\cpu__Register_File_Bit_400\'
INFO: [VRFC 10-3107] analyzing entity '\cpu__Register_File_Bit_401\'
INFO: [VRFC 10-3107] analyzing entity '\cpu__Register_File_Bit_402\'
INFO: [VRFC 10-3107] analyzing entity '\cpu__Register_File_Bit_403\'
INFO: [VRFC 10-3107] analyzing entity '\cpu__Register_File_Bit_404\'
INFO: [VRFC 10-3107] analyzing entity '\cpu__Register_File_Bit_405\'
INFO: [VRFC 10-3107] analyzing entity '\cpu__Register_File_Bit_406\'
INFO: [VRFC 10-3107] analyzing entity '\cpu__Register_File_Bit_407\'
INFO: [VRFC 10-3107] analyzing entity '\cpu__Register_File_Bit_408\'
INFO: [VRFC 10-3107] analyzing entity '\cpu__Result_Mux_Bit\'
INFO: [VRFC 10-3107] analyzing entity '\cpu__Result_Mux_Bit_254\'
INFO: [VRFC 10-3107] analyzing entity '\cpu__Result_Mux_Bit_255\'
INFO: [VRFC 10-3107] analyzing entity '\cpu__Result_Mux_Bit_256\'
INFO: [VRFC 10-3107] analyzing entity '\cpu__Result_Mux_Bit_257\'
INFO: [VRFC 10-3107] analyzing entity '\cpu__Result_Mux_Bit_258\'
INFO: [VRFC 10-3107] analyzing entity '\cpu__Result_Mux_Bit_259\'
INFO: [VRFC 10-3107] analyzing entity '\cpu__Result_Mux_Bit_260\'
INFO: [VRFC 10-3107] analyzing entity '\cpu__Result_Mux_Bit_261\'
INFO: [VRFC 10-3107] analyzing entity '\cpu__Result_Mux_Bit_262\'
INFO: [VRFC 10-3107] analyzing entity '\cpu__Result_Mux_Bit_263\'
INFO: [VRFC 10-3107] analyzing entity '\cpu__Result_Mux_Bit_264\'
INFO: [VRFC 10-3107] analyzing entity '\cpu__Result_Mux_Bit_265\'
INFO: [VRFC 10-3107] analyzing entity '\cpu__Result_Mux_Bit_266\'
INFO: [VRFC 10-3107] analyzing entity '\cpu__Result_Mux_Bit_267\'
INFO: [VRFC 10-3107] analyzing entity '\cpu__Result_Mux_Bit_268\'
INFO: [VRFC 10-3107] analyzing entity '\cpu__Result_Mux_Bit_269\'
INFO: [VRFC 10-3107] analyzing entity '\cpu__Result_Mux_Bit_270\'
INFO: [VRFC 10-3107] analyzing entity '\cpu__Result_Mux_Bit_271\'
INFO: [VRFC 10-3107] analyzing entity '\cpu__Result_Mux_Bit_272\'
INFO: [VRFC 10-3107] analyzing entity '\cpu__Result_Mux_Bit_273\'
INFO: [VRFC 10-3107] analyzing entity '\cpu__Result_Mux_Bit_274\'
INFO: [VRFC 10-3107] analyzing entity '\cpu__Result_Mux_Bit_275\'
INFO: [VRFC 10-3107] analyzing entity '\cpu__Result_Mux_Bit_276\'
INFO: [VRFC 10-3107] analyzing entity '\cpu__Result_Mux_Bit_277\'
INFO: [VRFC 10-3107] analyzing entity '\cpu__Result_Mux_Bit_278\'
INFO: [VRFC 10-3107] analyzing entity '\cpu__Result_Mux_Bit_279\'
INFO: [VRFC 10-3107] analyzing entity '\cpu__Result_Mux_Bit_280\'
INFO: [VRFC 10-3107] analyzing entity '\cpu__Result_Mux_Bit_281\'
INFO: [VRFC 10-3107] analyzing entity '\cpu__Result_Mux_Bit_282\'
INFO: [VRFC 10-3107] analyzing entity '\cpu__Result_Mux_Bit_283\'
INFO: [VRFC 10-3107] analyzing entity '\cpu__Result_Mux_Bit_284\'
INFO: [VRFC 10-3107] analyzing entity '\cpu__Shift_Logic_Bit\'
INFO: [VRFC 10-3107] analyzing entity '\cpu__Shift_Logic_Bit_130\'
INFO: [VRFC 10-3107] analyzing entity '\cpu__Shift_Logic_Bit_131\'
INFO: [VRFC 10-3107] analyzing entity '\cpu__Shift_Logic_Bit_132\'
INFO: [VRFC 10-3107] analyzing entity '\cpu__Shift_Logic_Bit_133\'
INFO: [VRFC 10-3107] analyzing entity '\cpu__Shift_Logic_Bit_134\'
INFO: [VRFC 10-3107] analyzing entity '\cpu__Shift_Logic_Bit_135\'
INFO: [VRFC 10-3107] analyzing entity '\cpu__Shift_Logic_Bit_136\'
INFO: [VRFC 10-3107] analyzing entity '\cpu__Shift_Logic_Bit_137\'
INFO: [VRFC 10-3107] analyzing entity '\cpu__Shift_Logic_Bit_138\'
INFO: [VRFC 10-3107] analyzing entity '\cpu__Shift_Logic_Bit_139\'
INFO: [VRFC 10-3107] analyzing entity '\cpu__Shift_Logic_Bit_140\'
INFO: [VRFC 10-3107] analyzing entity '\cpu__Shift_Logic_Bit_141\'
INFO: [VRFC 10-3107] analyzing entity '\cpu__Shift_Logic_Bit_142\'
INFO: [VRFC 10-3107] analyzing entity '\cpu__Shift_Logic_Bit_143\'
INFO: [VRFC 10-3107] analyzing entity '\cpu__Shift_Logic_Bit_144\'
INFO: [VRFC 10-3107] analyzing entity '\cpu__Shift_Logic_Bit_145\'
INFO: [VRFC 10-3107] analyzing entity '\cpu__Shift_Logic_Bit_146\'
INFO: [VRFC 10-3107] analyzing entity '\cpu__Shift_Logic_Bit_147\'
INFO: [VRFC 10-3107] analyzing entity '\cpu__Shift_Logic_Bit_148\'
INFO: [VRFC 10-3107] analyzing entity '\cpu__Shift_Logic_Bit_149\'
INFO: [VRFC 10-3107] analyzing entity '\cpu__Shift_Logic_Bit_150\'
INFO: [VRFC 10-3107] analyzing entity '\cpu__Shift_Logic_Bit_151\'
INFO: [VRFC 10-3107] analyzing entity '\cpu__Shift_Logic_Bit_152\'
INFO: [VRFC 10-3107] analyzing entity '\cpu__Shift_Logic_Bit_153\'
INFO: [VRFC 10-3107] analyzing entity '\cpu__Shift_Logic_Bit_154\'
INFO: [VRFC 10-3107] analyzing entity '\cpu__Shift_Logic_Bit_155\'
INFO: [VRFC 10-3107] analyzing entity '\cpu__Shift_Logic_Bit_156\'
INFO: [VRFC 10-3107] analyzing entity '\cpu__Shift_Logic_Bit_157\'
INFO: [VRFC 10-3107] analyzing entity '\cpu__Shift_Logic_Bit_158\'
INFO: [VRFC 10-3107] analyzing entity '\cpu__Shift_Logic_Bit_159\'
INFO: [VRFC 10-3107] analyzing entity '\cpu__Shift_Logic_Bit_160\'
INFO: [VRFC 10-3107] analyzing entity '\cpu__Zero_Detect\'
INFO: [VRFC 10-3107] analyzing entity '\cpu__address_hit\'
INFO: [VRFC 10-3107] analyzing entity '\cpu__blk_mem_gen_prim_width\'
INFO: [VRFC 10-3107] analyzing entity '\cpu__blk_mem_gen_prim_width__parameterized0\'
INFO: [VRFC 10-3107] analyzing entity '\cpu__blk_mem_gen_prim_width__parameterized1\'
INFO: [VRFC 10-3107] analyzing entity '\cpu__blk_mem_gen_prim_width__parameterized10\'
INFO: [VRFC 10-3107] analyzing entity '\cpu__blk_mem_gen_prim_width__parameterized11\'
INFO: [VRFC 10-3107] analyzing entity '\cpu__blk_mem_gen_prim_width__parameterized12\'
INFO: [VRFC 10-3107] analyzing entity '\cpu__blk_mem_gen_prim_width__parameterized13\'
INFO: [VRFC 10-3107] analyzing entity '\cpu__blk_mem_gen_prim_width__parameterized14\'
INFO: [VRFC 10-3107] analyzing entity '\cpu__blk_mem_gen_prim_width__parameterized15\'
INFO: [VRFC 10-3107] analyzing entity '\cpu__blk_mem_gen_prim_width__parameterized16\'
INFO: [VRFC 10-3107] analyzing entity '\cpu__blk_mem_gen_prim_width__parameterized17\'
INFO: [VRFC 10-3107] analyzing entity '\cpu__blk_mem_gen_prim_width__parameterized18\'
INFO: [VRFC 10-3107] analyzing entity '\cpu__blk_mem_gen_prim_width__parameterized19\'
INFO: [VRFC 10-3107] analyzing entity '\cpu__blk_mem_gen_prim_width__parameterized2\'
INFO: [VRFC 10-3107] analyzing entity '\cpu__blk_mem_gen_prim_width__parameterized20\'
INFO: [VRFC 10-3107] analyzing entity '\cpu__blk_mem_gen_prim_width__parameterized21\'
INFO: [VRFC 10-3107] analyzing entity '\cpu__blk_mem_gen_prim_width__parameterized22\'
INFO: [VRFC 10-3107] analyzing entity '\cpu__blk_mem_gen_prim_width__parameterized23\'
INFO: [VRFC 10-3107] analyzing entity '\cpu__blk_mem_gen_prim_width__parameterized24\'
INFO: [VRFC 10-3107] analyzing entity '\cpu__blk_mem_gen_prim_width__parameterized25\'
INFO: [VRFC 10-3107] analyzing entity '\cpu__blk_mem_gen_prim_width__parameterized26\'
INFO: [VRFC 10-3107] analyzing entity '\cpu__blk_mem_gen_prim_width__parameterized27\'
INFO: [VRFC 10-3107] analyzing entity '\cpu__blk_mem_gen_prim_width__parameterized28\'
INFO: [VRFC 10-3107] analyzing entity '\cpu__blk_mem_gen_prim_width__parameterized29\'
INFO: [VRFC 10-3107] analyzing entity '\cpu__blk_mem_gen_prim_width__parameterized3\'
INFO: [VRFC 10-3107] analyzing entity '\cpu__blk_mem_gen_prim_width__parameterized30\'
INFO: [VRFC 10-3107] analyzing entity '\cpu__blk_mem_gen_prim_width__parameterized4\'
INFO: [VRFC 10-3107] analyzing entity '\cpu__blk_mem_gen_prim_width__parameterized5\'
INFO: [VRFC 10-3107] analyzing entity '\cpu__blk_mem_gen_prim_width__parameterized6\'
INFO: [VRFC 10-3107] analyzing entity '\cpu__blk_mem_gen_prim_width__parameterized7\'
INFO: [VRFC 10-3107] analyzing entity '\cpu__blk_mem_gen_prim_width__parameterized8\'
INFO: [VRFC 10-3107] analyzing entity '\cpu__blk_mem_gen_prim_width__parameterized9\'
INFO: [VRFC 10-3107] analyzing entity '\cpu__microblaze_v11_0_3_mb_sync_vec\'
INFO: [VRFC 10-3107] analyzing entity '\cpu__microblaze_v11_0_3_mb_sync_vec__parameterized0\'
INFO: [VRFC 10-3107] analyzing entity '\cpu__mux4_8\'
INFO: [VRFC 10-3107] analyzing entity '\cpu__mux_bus\'
INFO: [VRFC 10-3107] analyzing entity '\cpu__MDM_Core\'
INFO: [VRFC 10-3107] analyzing entity '\cpu__proc_sys_reset\'
INFO: [VRFC 10-3107] analyzing entity 'ps2_top'
INFO: [VRFC 10-3107] analyzing entity 'uart'
INFO: [VRFC 10-3107] analyzing entity '\cpu__ALU\'
INFO: [VRFC 10-3107] analyzing entity '\cpu__Byte_Doublet_Handle\'
INFO: [VRFC 10-3107] analyzing entity '\cpu__Debug\'
INFO: [VRFC 10-3107] analyzing entity '\cpu__Decode\'
INFO: [VRFC 10-3107] analyzing entity '\cpu__MSR_Reg\'
INFO: [VRFC 10-3107] analyzing entity '\cpu__Operand_Select\'
INFO: [VRFC 10-3107] analyzing entity '\cpu__PC_Module\'
INFO: [VRFC 10-3107] analyzing entity '\cpu__Register_File\'
INFO: [VRFC 10-3107] analyzing entity '\cpu__Result_Mux\'
INFO: [VRFC 10-3107] analyzing entity '\cpu__Shift_Logic_Module\'
INFO: [VRFC 10-3107] analyzing entity '\cpu__blk_mem_gen_generic_cstr\'
INFO: [VRFC 10-3107] analyzing entity '\cpu__instr_mux\'
INFO: [VRFC 10-3107] analyzing entity 'chu_ps2_core'
INFO: [VRFC 10-3107] analyzing entity 'chu_uart'
INFO: [VRFC 10-3107] analyzing entity '\cpu__MDM\'
INFO: [VRFC 10-3107] analyzing entity '\cpu__bd_3914_rst_0_0\'
INFO: [VRFC 10-3107] analyzing entity '\cpu__Data_Flow\'
INFO: [VRFC 10-3107] analyzing entity '\cpu__blk_mem_gen_top\'
INFO: [VRFC 10-3107] analyzing entity '\cpu__bd_3914_mdm_0_0\'
INFO: [VRFC 10-3107] analyzing entity 'mmio_sys_sampler_basys3'
INFO: [VRFC 10-3107] analyzing entity '\cpu__MicroBlaze_Area\'
INFO: [VRFC 10-3107] analyzing entity '\cpu__blk_mem_gen_v8_4_4_synth\'
INFO: [VRFC 10-3107] analyzing entity '\cpu__MicroBlaze_Core\'
INFO: [VRFC 10-3107] analyzing entity '\cpu__blk_mem_gen_v8_4_4\'
INFO: [VRFC 10-3107] analyzing entity '\cpu__bd_3914_lmb_bram_I_0\'
INFO: [VRFC 10-3107] analyzing entity '\cpu__MicroBlaze\'
INFO: [VRFC 10-3107] analyzing entity '\cpu__bd_3914_microblaze_I_0\'
INFO: [VRFC 10-3107] analyzing entity '\cpu__bd_3914\'
INFO: [VRFC 10-3107] analyzing entity 'cpu'
INFO: [VRFC 10-3107] analyzing entity 'mcs_top_sampler_basys3'
INFO: [VRFC 10-163] Analyzing VHDL file "/home/egoncu/Desktop/github/lightsup/prj/fproSampler_Lightsup/fproSampler_Lightsup.srcs/sim_1/new/test_bench_for_complete_system.vhd" into library xil_defaultlib
INFO: [VRFC 10-3107] analyzing entity 'test_bench_for_complete_system'
ERROR: [VRFC 10-3342] formal 'bridge_base' is not a generic [/home/egoncu/Desktop/github/lightsup/prj/fproSampler_Lightsup/fproSampler_Lightsup.srcs/sim_1/new/test_bench_for_complete_system.vhd:54]
ERROR: [VRFC 10-1471] type error near bridge_base ; current type std_logic_vector; expected type string [/home/egoncu/Desktop/github/lightsup/prj/fproSampler_Lightsup/fproSampler_Lightsup.srcs/sim_1/new/test_bench_for_complete_system.vhd:54]
ERROR: [VRFC 10-3782] unit 'behavioral' ignored due to previous errors [/home/egoncu/Desktop/github/lightsup/prj/fproSampler_Lightsup/fproSampler_Lightsup.srcs/sim_1/new/test_bench_for_complete_system.vhd:37]
INFO: [VRFC 10-3070] VHDL file '/home/egoncu/Desktop/github/lightsup/prj/fproSampler_Lightsup/fproSampler_Lightsup.srcs/sim_1/new/test_bench_for_complete_system.vhd' ignored due to errors
